#
# A fatal error has been detected by the Java Runtime Environment:
#
#  SIGSEGV (0xb) at pc=0x0000000130c56acb, pid=75256, tid=9219
#
# JRE version: OpenJDK Runtime Environment (12.0+33) (build 12+33)
# Java VM: OpenJDK 64-Bit Server VM (12+33, mixed mode, sharing, tiered, compressed oops, g1 gc, bsd-amd64)
# Problematic frame:
# C  [libtesseract.dylib+0x17acb]  _ZN9tesseract9Tesseract15recog_all_wordsEP8PAGE_RESP10ETEXT_DESCPK4TBOXPKci+0xaf
#
# No core dump will be written. Core dumps have been disabled. To enable core dumping, try "ulimit -c unlimited" before starting Java again
#
# If you would like to submit a bug report, please visit:
#   http://bugreport.java.com/bugreport/crash.jsp
# The crash happened outside the Java Virtual Machine in native code.
# See problematic frame for where to report the bug.
#

---------------  S U M M A R Y ------------

Command Line: -Dfile.encoding=UTF-8 com.tesseract.Main

Host: MacBookPro15,1 x86_64 2200 MHz, 12 cores, 16G, Darwin 18.7.0
Time: Fri Jan 17 14:45:26 2020 IST elapsed time: 5 seconds (0d 0h 0m 5s)

---------------  T H R E A D  ---------------

Current thread (0x00007f9795008800):  JavaThread "main" [_thread_in_native, id=9219, stack(0x000070000448b000,0x000070000458b000)]

Stack: [0x000070000448b000,0x000070000458b000],  sp=0x00007000045896f0,  free space=1017k
Native frames: (J=compiled Java code, A=aot compiled Java code, j=interpreted, Vv=VM code, C=native code)
C  [libtesseract.dylib+0x17acb]  _ZN9tesseract9Tesseract15recog_all_wordsEP8PAGE_RESP10ETEXT_DESCPK4TBOXPKci+0xaf
C  [libtesseract.dylib+0x46a7]  _ZN9tesseract11TessBaseAPI9RecognizeEP10ETEXT_DESC+0x379
C  [libtesseract.dylib+0x3645]  _ZN9tesseract11TessBaseAPI11GetUTF8TextEv+0x2b
C  [jna14114500197059835612.tmp+0xd94c]  ffi_call_unix64+0x4c

Java frames: (J=compiled Java code, j=interpreted, Vv=VM code)
j  com.sun.jna.Native.invokePointer(JI[Ljava/lang/Object;)J+0
j  com.sun.jna.Function.invokePointer(I[Ljava/lang/Object;)Lcom/sun/jna/Pointer;+6
j  com.sun.jna.Function.invoke([Ljava/lang/Object;Ljava/lang/Class;Z)Ljava/lang/Object;+426
j  com.sun.jna.Function.invoke(Ljava/lang/Class;[Ljava/lang/Object;Ljava/util/Map;)Ljava/lang/Object;+262
j  com.sun.jna.Library$Handler.invoke(Ljava/lang/Object;Ljava/lang/reflect/Method;[Ljava/lang/Object;)Ljava/lang/Object;+316
j  com.sun.proxy.$Proxy0.TessBaseAPIGetUTF8Text(Lnet/sourceforge/tess4j/ITessAPI$TessBaseAPI;)Lcom/sun/jna/Pointer;+16
j  net.sourceforge.tess4j.Tesseract.getOCRText(Ljava/lang/String;I)Ljava/lang/String;+62
j  net.sourceforge.tess4j.Tesseract.doOCR(Ljava/util/List;Ljava/lang/String;Ljava/awt/Rectangle;)Ljava/lang/String;+69
j  net.sourceforge.tess4j.Tesseract.doOCR(Ljava/io/File;Ljava/awt/Rectangle;)Ljava/lang/String;+10
j  net.sourceforge.tess4j.Tesseract.doOCR(Ljava/io/File;)Ljava/lang/String;+3
j  com.tesseract.Main.main([Ljava/lang/String;)V+24
v  ~StubRoutines::call_stub

siginfo: si_signo: 11 (SIGSEGV), si_code: 1 (SEGV_MAPERR), si_addr: 0x000000000000000c

Register to memory mapping:

RAX=0x0 is NULL
RBX=0x00007f9798778f20 points into unknown readable memory: 00 00 00 00 00 00 00 00
RCX=0x0 is NULL
RDX=0x00007f97987840a0 points into unknown readable memory: f0 e5 6a 92 97 7f 00 00
RSP=0x00007000045896f0 is pointing into the stack for thread: 0x00007f9795008800
RBP=0x00007000045898b0 is pointing into the stack for thread: 0x00007f9795008800
RSI=0x0 is NULL
RDI=0x00007000045897a8 is pointing into the stack for thread: 0x00007f9795008800
R8 =0x0 is NULL
R9 =0x0 is NULL
R10=0x00007f9799100000 points into unknown readable memory: fd 82 28 d9 ae 3c d9 ae
R11=0x000000000098fb40 is an unknown value
R12=0x0 is NULL
R13=0x000000012fea5000 points into unknown readable memory: 20 3b e1 30 01 00 00 00
R14=0x0 is NULL
R15=0x0 is NULL


Registers:
RAX=0x0000000000000000, RBX=0x00007f9798778f20, RCX=0x0000000000000000, RDX=0x00007f97987840a0
RSP=0x00007000045896f0, RBP=0x00007000045898b0, RSI=0x0000000000000000, RDI=0x00007000045897a8
R8 =0x0000000000000000, R9 =0x0000000000000000, R10=0x00007f9799100000, R11=0x000000000098fb40
R12=0x0000000000000000, R13=0x000000012fea5000, R14=0x0000000000000000, R15=0x0000000000000000
RIP=0x0000000130c56acb, EFLAGS=0x0000000000010246, ERR=0x0000000000000004
  TRAPNO=0x000000000000000e

Top of Stack: (sp=0x00007000045896f0)
0x00007000045896f0:   00007f97987d75e0 00007f9798778f20
0x0000700004589700:   0000000000000000 0000000000000000
0x0000700004589710:   0000000000000000 00007f97987c96b0
0x0000700004589720:   00007f97987840a0 00007f979874fb30
0x0000700004589730:   00007f97926ad240 00007f97987840a0
0x0000700004589740:   00007f979874fb30 00007f9798778f28
0x0000700004589750:   00007f979874fb30 00007f979874fb30
0x0000700004589760:   00007f979874fb30 00007f979874fb30
0x0000700004589770:   00007f9798000000 00007f979874fb58
0x0000700004589780:   00007f9799103640 00007f97987840a0
0x0000700004589790:   00007f97926ae5f0 00007f97987840a0
0x00007000045897a0:   0000700004000000 00007f97987840c0
0x00007000045897b0:   00007f97926ad240 00007f97926abf90
0x00007000045897c0:   00007f97926ad540 00007f97987c96b0
0x00007000045897d0:   0000700004010000 00007f97987840c0
0x00007000045897e0:   00007f97926ad540 00007f97987c96b0
0x00007000045897f0:   00007f97926ad240 00007f97987c96b0
0x0000700004589800:   0000000000000000 00007f97987840c0
0x0000700004589810:   00007f97987c96b0 00007f97926ad240
0x0000700004589820:   00007f97926abf90 00007f97987c96b0
0x0000700004589830:   0000700004010000 0000000130c41a05
0x0000700004589840:   00007f9792409b20 0000000130df0754
0x0000700004589850:   000000012fea5150 00007f979874f040
0x0000700004589860:   00007f979874f040 000000012fea5000
0x0000700004589870:   0000000000000000 0000000000000000
0x0000700004589880:   00007f9798778f20 0000700004589801
0x0000700004589890:   00007f979874f040 000000012fea5000
0x00007000045898a0:   00000000ffffffff 0000000000000000
0x00007000045898b0:   0000700004589920 0000000130c436a7
0x00007000045898c0:   0000700004589a00 000000011124dd4a
0x00007000045898d0:   00007000045898f0 00000001066ff5e1
0x00007000045898e0:   0000700004589910 00007fff58cab20f 

Instructions: (pc=0x0000000130c56acb)
0x0000000130c56aab:   e8 30 fa 11 00 41 83 bd 08 14 00 00 00 7e 0a 4c
0x0000000130c56abb:   89 ef e8 e6 97 0b 00 eb 15 49 8b 85 b0 09 00 00
0x0000000130c56acb:   80 78 0c 00 74 08 4c 89 ef e8 43 98 0b 00 41 83
0x0000000130c56adb:   bd d8 44 02 00 00 7e 3e 31 db 49 8b 85 e0 44 02 

Stack slot to memory mapping:
stack at sp + 0 slots: 0x00007f97987d75e0 points into unknown readable memory: 90 75 7d 98 97 7f 00 00
stack at sp + 1 slots: 0x00007f9798778f20 points into unknown readable memory: 00 00 00 00 00 00 00 00
stack at sp + 2 slots: 0x0 is NULL
stack at sp + 3 slots: 0x0 is NULL
stack at sp + 4 slots: 0x0 is NULL
stack at sp + 5 slots: 0x00007f97987c96b0 points into unknown readable memory: 40 d2 6a 92 97 7f 00 00
stack at sp + 6 slots: 0x00007f97987840a0 points into unknown readable memory: f0 e5 6a 92 97 7f 00 00
stack at sp + 7 slots: 0x00007f979874fb30 points into unknown readable memory: 30 fb 74 98 97 7f 00 00


---------------  P R O C E S S  ---------------

Threads class SMR info:
_java_thread_list=0x00007f979805a810, length=12, elements={
0x00007f9795008800, 0x00007f9792900000, 0x00007f9792903000, 0x00007f9795006000,
0x00007f9795011000, 0x00007f9793011000, 0x00007f9793802000, 0x00007f9795809800,
0x00007f9793801000, 0x00007f9793904800, 0x00007f979488d000, 0x00007f979584f000
}

Java Threads: ( => current thread )
=>0x00007f9795008800 JavaThread "main" [_thread_in_native, id=9219, stack(0x000070000448b000,0x000070000458b000)]
  0x00007f9792900000 JavaThread "Reference Handler" daemon [_thread_blocked, id=17667, stack(0x0000700004ba0000,0x0000700004ca0000)]
  0x00007f9792903000 JavaThread "Finalizer" daemon [_thread_blocked, id=14083, stack(0x0000700004ca3000,0x0000700004da3000)]
  0x00007f9795006000 JavaThread "Signal Dispatcher" daemon [_thread_blocked, id=15363, stack(0x0000700004da6000,0x0000700004ea6000)]
  0x00007f9795011000 JavaThread "C2 CompilerThread0" daemon [_thread_blocked, id=22019, stack(0x0000700004ea9000,0x0000700004fa9000)]
  0x00007f9793011000 JavaThread "C1 CompilerThread0" daemon [_thread_blocked, id=22787, stack(0x0000700004fac000,0x00007000050ac000)]
  0x00007f9793802000 JavaThread "Sweeper thread" daemon [_thread_blocked, id=43011, stack(0x00007000050af000,0x00007000051af000)]
  0x00007f9795809800 JavaThread "Service Thread" daemon [_thread_blocked, id=42243, stack(0x00007000051b2000,0x00007000052b2000)]
  0x00007f9793801000 JavaThread "Common-Cleaner" daemon [_thread_blocked, id=23811, stack(0x00007000053b8000,0x00007000054b8000)]
  0x00007f9793904800 JavaThread "Java2D Disposer" daemon [_thread_blocked, id=40967, stack(0x00007000054bb000,0x00007000055bb000)]
  0x00007f979488d000 JavaThread "AppKit Thread" daemon [_thread_in_native, id=775, stack(0x00007ffeeacf4000,0x00007ffeeb4f4000)]
  0x00007f979584f000 JavaThread "Java2D Queue Flusher" daemon [_thread_blocked, id=73475, stack(0x0000700005bdf000,0x0000700005cdf000)]

Other Threads:
  0x00007f97928ff000 VMThread "VM Thread" [stack: 0x0000700004a9d000,0x0000700004b9d000] [id=18435]
  0x00007f97928ed800 WatcherThread [stack: 0x00007000052b5000,0x00007000053b5000] [id=23299]
  0x00007f9792829800 GCTaskThread "GC Thread#0" [stack: 0x000070000458e000,0x000070000468e000] [id=11779]
  0x00007f9792aab800 GCTaskThread "GC Thread#1" [stack: 0x0000700005ce2000,0x0000700005de2000] [id=70683]
  0x00007f9792a79000 GCTaskThread "GC Thread#2" [stack: 0x0000700005de5000,0x0000700005ee5000] [id=59395]
  0x00007f9792aaf800 GCTaskThread "GC Thread#3" [stack: 0x0000700005ee8000,0x0000700005fe8000] [id=59651]
  0x00007f9792ab0800 GCTaskThread "GC Thread#4" [stack: 0x0000700005feb000,0x00007000060eb000] [id=69891]
  0x00007f97933aa000 GCTaskThread "GC Thread#5" [stack: 0x00007000060ee000,0x00007000061ee000] [id=60419]
  0x00007f9792842800 ConcurrentGCThread "G1 Main Marker" [stack: 0x0000700004691000,0x0000700004791000] [id=19971]
  0x00007f9792843800 ConcurrentGCThread "G1 Conc#0" [stack: 0x0000700004794000,0x0000700004894000] [id=19459]
  0x00007f9792ab6000 ConcurrentGCThread "G1 Conc#1" [stack: 0x00007000055be000,0x00007000056be000] [id=34055]
  0x00007f9792a4f000 ConcurrentGCThread "G1 Conc#2" [stack: 0x00007000062f4000,0x00007000063f4000] [id=29231]
  0x00007f97928ec000 ConcurrentGCThread "G1 Refine#0" [stack: 0x0000700004897000,0x0000700004997000] [id=12547]
  0x00007f97939c4000 ConcurrentGCThread "G1 Refine#1" [stack: 0x00007000061f1000,0x00007000062f1000] [id=69379]
  0x00007f97928ed000 ConcurrentGCThread "G1 Young RemSet Sampling" [stack: 0x000070000499a000,0x0000700004a9a000] [id=13059]

Threads with active compile tasks:

VM state:not at safepoint (normal execution)

VM Mutex/Monitor currently owned by a thread: None

Heap address: 0x0000000700000000, size: 4096 MB, Compressed Oops mode: Zero based, Oop shift amount: 3
Narrow klass base: 0x0000000800000000, Narrow klass shift: 3
Compressed class space size: 1073741824 Address: 0x00000008010f7000

Heap:
 garbage-first heap   total 250880K, used 180916K [0x0000000700000000, 0x0000000800000000)
  region size 1024K, 18 young (18432K), 17 survivors (17408K)
 Metaspace       used 11581K, capacity 11797K, committed 12032K, reserved 1060864K
  class space    used 1188K, capacity 1252K, committed 1280K, reserved 1048576K
Heap Regions: E=young(eden), S=young(survivor), O=old, HS=humongous(starts), HC=humongous(continues), CS=collection set, F=free, A=archive, TAMS=top-at-mark-start (previous, next)
|   0|0x0000000700000000, 0x0000000700100000, 0x0000000700100000|100%|HS|  |TAMS 0x0000000700100000, 0x0000000700000000| Complete 
|   1|0x0000000700100000, 0x0000000700200000, 0x0000000700200000|100%|HC|  |TAMS 0x0000000700200000, 0x0000000700100000| Complete 
|   2|0x0000000700200000, 0x0000000700300000, 0x0000000700300000|100%|HC|  |TAMS 0x0000000700300000, 0x0000000700200000| Complete 
|   3|0x0000000700300000, 0x0000000700400000, 0x0000000700400000|100%|HC|  |TAMS 0x0000000700400000, 0x0000000700300000| Complete 
|   4|0x0000000700400000, 0x0000000700500000, 0x0000000700500000|100%|HC|  |TAMS 0x0000000700500000, 0x0000000700400000| Complete 
|   5|0x0000000700500000, 0x0000000700600000, 0x0000000700600000|100%|HC|  |TAMS 0x0000000700600000, 0x0000000700500000| Complete 
|   6|0x0000000700600000, 0x0000000700700000, 0x0000000700700000|100%|HC|  |TAMS 0x0000000700700000, 0x0000000700600000| Complete 
|   7|0x0000000700700000, 0x0000000700800000, 0x0000000700800000|100%|HC|  |TAMS 0x0000000700800000, 0x0000000700700000| Complete 
|   8|0x0000000700800000, 0x0000000700900000, 0x0000000700900000|100%|HC|  |TAMS 0x0000000700900000, 0x0000000700800000| Complete 
|   9|0x0000000700900000, 0x0000000700a00000, 0x0000000700a00000|100%|HC|  |TAMS 0x0000000700a00000, 0x0000000700900000| Complete 
|  10|0x0000000700a00000, 0x0000000700b00000, 0x0000000700b00000|100%|HC|  |TAMS 0x0000000700b00000, 0x0000000700a00000| Complete 
|  11|0x0000000700b00000, 0x0000000700c00000, 0x0000000700c00000|100%|HC|  |TAMS 0x0000000700c00000, 0x0000000700b00000| Complete 
|  12|0x0000000700c00000, 0x0000000700d00000, 0x0000000700d00000|100%|HC|  |TAMS 0x0000000700d00000, 0x0000000700c00000| Complete 
|  13|0x0000000700d00000, 0x0000000700e00000, 0x0000000700e00000|100%|HC|  |TAMS 0x0000000700e00000, 0x0000000700d00000| Complete 
|  14|0x0000000700e00000, 0x0000000700f00000, 0x0000000700f00000|100%|HC|  |TAMS 0x0000000700f00000, 0x0000000700e00000| Complete 
|  15|0x0000000700f00000, 0x0000000701000000, 0x0000000701000000|100%|HC|  |TAMS 0x0000000701000000, 0x0000000700f00000| Complete 
|  16|0x0000000701000000, 0x0000000701100000, 0x0000000701100000|100%|HC|  |TAMS 0x0000000701100000, 0x0000000701000000| Complete 
|  17|0x0000000701100000, 0x0000000701200000, 0x0000000701200000|100%|HC|  |TAMS 0x0000000701200000, 0x0000000701100000| Complete 
|  18|0x0000000701200000, 0x0000000701300000, 0x0000000701300000|100%|HC|  |TAMS 0x0000000701300000, 0x0000000701200000| Complete 
|  19|0x0000000701300000, 0x0000000701400000, 0x0000000701400000|100%|HC|  |TAMS 0x0000000701400000, 0x0000000701300000| Complete 
|  20|0x0000000701400000, 0x0000000701500000, 0x0000000701500000|100%|HC|  |TAMS 0x0000000701500000, 0x0000000701400000| Complete 
|  21|0x0000000701500000, 0x0000000701600000, 0x0000000701600000|100%|HC|  |TAMS 0x0000000701600000, 0x0000000701500000| Complete 
|  22|0x0000000701600000, 0x0000000701700000, 0x0000000701700000|100%|HC|  |TAMS 0x0000000701700000, 0x0000000701600000| Complete 
|  23|0x0000000701700000, 0x0000000701800000, 0x0000000701800000|100%|HC|  |TAMS 0x0000000701800000, 0x0000000701700000| Complete 
|  24|0x0000000701800000, 0x0000000701900000, 0x0000000701900000|100%|HC|  |TAMS 0x0000000701900000, 0x0000000701800000| Complete 
|  25|0x0000000701900000, 0x0000000701900000, 0x0000000701a00000|  0%| F|  |TAMS 0x0000000701900000, 0x0000000701900000| Untracked 
|  26|0x0000000701a00000, 0x0000000701a00000, 0x0000000701b00000|  0%| F|  |TAMS 0x0000000701a00000, 0x0000000701a00000| Untracked 
|  27|0x0000000701b00000, 0x0000000701b00000, 0x0000000701c00000|  0%| F|  |TAMS 0x0000000701b00000, 0x0000000701b00000| Untracked 
|  28|0x0000000701c00000, 0x0000000701c00000, 0x0000000701d00000|  0%| F|  |TAMS 0x0000000701c00000, 0x0000000701c00000| Untracked 
|  29|0x0000000701d00000, 0x0000000701d00000, 0x0000000701e00000|  0%| F|  |TAMS 0x0000000701d00000, 0x0000000701d00000| Untracked 
|  30|0x0000000701e00000, 0x0000000701e00000, 0x0000000701f00000|  0%| F|  |TAMS 0x0000000701e00000, 0x0000000701e00000| Untracked 
|  31|0x0000000701f00000, 0x0000000701f00000, 0x0000000702000000|  0%| F|  |TAMS 0x0000000701f00000, 0x0000000701f00000| Untracked 
|  32|0x0000000702000000, 0x0000000702100000, 0x0000000702100000|100%| O|  |TAMS 0x0000000702000000, 0x0000000702000000| Untracked 
|  33|0x0000000702100000, 0x0000000702200000, 0x0000000702200000|100%| O|  |TAMS 0x0000000702200000, 0x0000000702100000| Untracked 
|  34|0x0000000702200000, 0x0000000702300000, 0x0000000702300000|100%| O|  |TAMS 0x0000000702300000, 0x0000000702200000| Untracked 
|  35|0x0000000702300000, 0x0000000702400000, 0x0000000702400000|100%| O|  |TAMS 0x0000000702400000, 0x0000000702300000| Untracked 
|  36|0x0000000702400000, 0x0000000702400000, 0x0000000702500000|  0%| F|  |TAMS 0x0000000702400000, 0x0000000702400000| Untracked 
|  37|0x0000000702500000, 0x0000000702500000, 0x0000000702600000|  0%| F|  |TAMS 0x0000000702500000, 0x0000000702500000| Untracked 
|  38|0x0000000702600000, 0x0000000702600000, 0x0000000702700000|  0%| F|  |TAMS 0x0000000702600000, 0x0000000702600000| Untracked 
|  39|0x0000000702700000, 0x0000000702800000, 0x0000000702800000|100%| O|  |TAMS 0x0000000702700000, 0x0000000702700000| Untracked 
|  40|0x0000000702800000, 0x0000000702900000, 0x0000000702900000|100%| O|  |TAMS 0x0000000702800000, 0x0000000702800000| Untracked 
|  41|0x0000000702900000, 0x0000000702a00000, 0x0000000702a00000|100%| O|  |TAMS 0x0000000702900000, 0x0000000702900000| Untracked 
|  42|0x0000000702a00000, 0x0000000702b00000, 0x0000000702b00000|100%| O|  |TAMS 0x0000000702b00000, 0x0000000702a00000| Untracked 
|  43|0x0000000702b00000, 0x0000000702bbfe00, 0x0000000702c00000| 74%| O|  |TAMS 0x0000000702bbfe00, 0x0000000702b00000| Untracked 
|  44|0x0000000702c00000, 0x0000000702d00000, 0x0000000702d00000|100%| O|  |TAMS 0x0000000702c00000, 0x0000000702c00000| Untracked 
|  45|0x0000000702d00000, 0x0000000702e00000, 0x0000000702e00000|100%| O|  |TAMS 0x0000000702d00000, 0x0000000702d00000| Untracked 
|  46|0x0000000702e00000, 0x0000000702f00000, 0x0000000702f00000|100%| O|  |TAMS 0x0000000702e00000, 0x0000000702e00000| Untracked 
|  47|0x0000000702f00000, 0x0000000703000000, 0x0000000703000000|100%|HS|  |TAMS 0x0000000703000000, 0x0000000702f00000| Complete 
|  48|0x0000000703000000, 0x0000000703100000, 0x0000000703100000|100%|HC|  |TAMS 0x0000000703100000, 0x0000000703000000| Complete 
|  49|0x0000000703100000, 0x0000000703200000, 0x0000000703200000|100%|HC|  |TAMS 0x0000000703200000, 0x0000000703100000| Complete 
|  50|0x0000000703200000, 0x0000000703300000, 0x0000000703300000|100%|HC|  |TAMS 0x0000000703300000, 0x0000000703200000| Complete 
|  51|0x0000000703300000, 0x0000000703400000, 0x0000000703400000|100%|HS|  |TAMS 0x0000000703400000, 0x0000000703300000| Complete 
|  52|0x0000000703400000, 0x0000000703500000, 0x0000000703500000|100%|HC|  |TAMS 0x0000000703500000, 0x0000000703400000| Complete 
|  53|0x0000000703500000, 0x0000000703600000, 0x0000000703600000|100%|HC|  |TAMS 0x0000000703600000, 0x0000000703500000| Complete 
|  54|0x0000000703600000, 0x0000000703700000, 0x0000000703700000|100%|HC|  |TAMS 0x0000000703700000, 0x0000000703600000| Complete 
|  55|0x0000000703700000, 0x0000000703800000, 0x0000000703800000|100%|HC|  |TAMS 0x0000000703800000, 0x0000000703700000| Complete 
|  56|0x0000000703800000, 0x0000000703900000, 0x0000000703900000|100%|HC|  |TAMS 0x0000000703900000, 0x0000000703800000| Complete 
|  57|0x0000000703900000, 0x0000000703a00000, 0x0000000703a00000|100%|HC|  |TAMS 0x0000000703a00000, 0x0000000703900000| Complete 
|  58|0x0000000703a00000, 0x0000000703b00000, 0x0000000703b00000|100%|HC|  |TAMS 0x0000000703b00000, 0x0000000703a00000| Complete 
|  59|0x0000000703b00000, 0x0000000703c00000, 0x0000000703c00000|100%|HC|  |TAMS 0x0000000703c00000, 0x0000000703b00000| Complete 
|  60|0x0000000703c00000, 0x0000000703d00000, 0x0000000703d00000|100%|HC|  |TAMS 0x0000000703d00000, 0x0000000703c00000| Complete 
|  61|0x0000000703d00000, 0x0000000703e00000, 0x0000000703e00000|100%|HC|  |TAMS 0x0000000703e00000, 0x0000000703d00000| Complete 
|  62|0x0000000703e00000, 0x0000000703f00000, 0x0000000703f00000|100%|HC|  |TAMS 0x0000000703f00000, 0x0000000703e00000| Complete 
|  63|0x0000000703f00000, 0x0000000704000000, 0x0000000704000000|100%|HC|  |TAMS 0x0000000704000000, 0x0000000703f00000| Complete 
|  64|0x0000000704000000, 0x0000000704100000, 0x0000000704100000|100%|HC|  |TAMS 0x0000000704100000, 0x0000000704000000| Complete 
|  65|0x0000000704100000, 0x0000000704200000, 0x0000000704200000|100%|HC|  |TAMS 0x0000000704200000, 0x0000000704100000| Complete 
|  66|0x0000000704200000, 0x0000000704300000, 0x0000000704300000|100%|HC|  |TAMS 0x0000000704300000, 0x0000000704200000| Complete 
|  67|0x0000000704300000, 0x0000000704400000, 0x0000000704400000|100%|HC|  |TAMS 0x0000000704400000, 0x0000000704300000| Complete 
|  68|0x0000000704400000, 0x0000000704500000, 0x0000000704500000|100%|HC|  |TAMS 0x0000000704500000, 0x0000000704400000| Complete 
|  69|0x0000000704500000, 0x0000000704600000, 0x0000000704600000|100%|HC|  |TAMS 0x0000000704600000, 0x0000000704500000| Complete 
|  70|0x0000000704600000, 0x0000000704700000, 0x0000000704700000|100%|HC|  |TAMS 0x0000000704700000, 0x0000000704600000| Complete 
|  71|0x0000000704700000, 0x0000000704800000, 0x0000000704800000|100%|HC|  |TAMS 0x0000000704800000, 0x0000000704700000| Complete 
|  72|0x0000000704800000, 0x0000000704900000, 0x0000000704900000|100%|HC|  |TAMS 0x0000000704900000, 0x0000000704800000| Complete 
|  73|0x0000000704900000, 0x0000000704a00000, 0x0000000704a00000|100%|HC|  |TAMS 0x0000000704a00000, 0x0000000704900000| Complete 
|  74|0x0000000704a00000, 0x0000000704b00000, 0x0000000704b00000|100%|HC|  |TAMS 0x0000000704b00000, 0x0000000704a00000| Complete 
|  75|0x0000000704b00000, 0x0000000704c00000, 0x0000000704c00000|100%|HC|  |TAMS 0x0000000704c00000, 0x0000000704b00000| Complete 
|  76|0x0000000704c00000, 0x0000000704d00000, 0x0000000704d00000|100%|HS|  |TAMS 0x0000000704d00000, 0x0000000704c00000| Complete 
|  77|0x0000000704d00000, 0x0000000704e00000, 0x0000000704e00000|100%|HC|  |TAMS 0x0000000704e00000, 0x0000000704d00000| Complete 
|  78|0x0000000704e00000, 0x0000000704f00000, 0x0000000704f00000|100%|HC|  |TAMS 0x0000000704f00000, 0x0000000704e00000| Complete 
|  79|0x0000000704f00000, 0x0000000705000000, 0x0000000705000000|100%|HC|  |TAMS 0x0000000705000000, 0x0000000704f00000| Complete 
|  80|0x0000000705000000, 0x0000000705100000, 0x0000000705100000|100%|HC|  |TAMS 0x0000000705100000, 0x0000000705000000| Complete 
|  81|0x0000000705100000, 0x0000000705200000, 0x0000000705200000|100%|HC|  |TAMS 0x0000000705200000, 0x0000000705100000| Complete 
|  82|0x0000000705200000, 0x0000000705300000, 0x0000000705300000|100%|HC|  |TAMS 0x0000000705300000, 0x0000000705200000| Complete 
|  83|0x0000000705300000, 0x0000000705400000, 0x0000000705400000|100%|HC|  |TAMS 0x0000000705400000, 0x0000000705300000| Complete 
|  84|0x0000000705400000, 0x0000000705500000, 0x0000000705500000|100%|HC|  |TAMS 0x0000000705500000, 0x0000000705400000| Complete 
|  85|0x0000000705500000, 0x0000000705600000, 0x0000000705600000|100%|HC|  |TAMS 0x0000000705600000, 0x0000000705500000| Complete 
|  86|0x0000000705600000, 0x0000000705700000, 0x0000000705700000|100%|HC|  |TAMS 0x0000000705700000, 0x0000000705600000| Complete 
|  87|0x0000000705700000, 0x0000000705800000, 0x0000000705800000|100%|HC|  |TAMS 0x0000000705800000, 0x0000000705700000| Complete 
|  88|0x0000000705800000, 0x0000000705900000, 0x0000000705900000|100%|HC|  |TAMS 0x0000000705900000, 0x0000000705800000| Complete 
|  89|0x0000000705900000, 0x0000000705a00000, 0x0000000705a00000|100%|HC|  |TAMS 0x0000000705a00000, 0x0000000705900000| Complete 
|  90|0x0000000705a00000, 0x0000000705b00000, 0x0000000705b00000|100%|HC|  |TAMS 0x0000000705b00000, 0x0000000705a00000| Complete 
|  91|0x0000000705b00000, 0x0000000705c00000, 0x0000000705c00000|100%|HC|  |TAMS 0x0000000705c00000, 0x0000000705b00000| Complete 
|  92|0x0000000705c00000, 0x0000000705d00000, 0x0000000705d00000|100%|HC|  |TAMS 0x0000000705d00000, 0x0000000705c00000| Complete 
|  93|0x0000000705d00000, 0x0000000705e00000, 0x0000000705e00000|100%|HC|  |TAMS 0x0000000705e00000, 0x0000000705d00000| Complete 
|  94|0x0000000705e00000, 0x0000000705f00000, 0x0000000705f00000|100%|HC|  |TAMS 0x0000000705f00000, 0x0000000705e00000| Complete 
|  95|0x0000000705f00000, 0x0000000706000000, 0x0000000706000000|100%|HC|  |TAMS 0x0000000706000000, 0x0000000705f00000| Complete 
|  96|0x0000000706000000, 0x0000000706100000, 0x0000000706100000|100%|HC|  |TAMS 0x0000000706100000, 0x0000000706000000| Complete 
|  97|0x0000000706100000, 0x0000000706200000, 0x0000000706200000|100%|HC|  |TAMS 0x0000000706200000, 0x0000000706100000| Complete 
|  98|0x0000000706200000, 0x0000000706300000, 0x0000000706300000|100%|HC|  |TAMS 0x0000000706300000, 0x0000000706200000| Complete 
|  99|0x0000000706300000, 0x0000000706400000, 0x0000000706400000|100%|HC|  |TAMS 0x0000000706400000, 0x0000000706300000| Complete 
| 100|0x0000000706400000, 0x0000000706500000, 0x0000000706500000|100%|HC|  |TAMS 0x0000000706500000, 0x0000000706400000| Complete 
| 101|0x0000000706500000, 0x0000000706600000, 0x0000000706600000|100%|HS|  |TAMS 0x0000000706600000, 0x0000000706500000| Complete 
| 102|0x0000000706600000, 0x0000000706700000, 0x0000000706700000|100%|HC|  |TAMS 0x0000000706700000, 0x0000000706600000| Complete 
| 103|0x0000000706700000, 0x0000000706800000, 0x0000000706800000|100%|HC|  |TAMS 0x0000000706800000, 0x0000000706700000| Complete 
| 104|0x0000000706800000, 0x0000000706900000, 0x0000000706900000|100%|HC|  |TAMS 0x0000000706900000, 0x0000000706800000| Complete 
| 105|0x0000000706900000, 0x0000000706a00000, 0x0000000706a00000|100%|HC|  |TAMS 0x0000000706a00000, 0x0000000706900000| Complete 
| 106|0x0000000706a00000, 0x0000000706b00000, 0x0000000706b00000|100%| O|  |TAMS 0x0000000706a00000, 0x0000000706a00000| Untracked 
| 107|0x0000000706b00000, 0x0000000706c00000, 0x0000000706c00000|100%| O|  |TAMS 0x0000000706b00000, 0x0000000706b00000| Untracked 
| 108|0x0000000706c00000, 0x0000000706d00000, 0x0000000706d00000|100%| O|  |TAMS 0x0000000706c00000, 0x0000000706c00000| Untracked 
| 109|0x0000000706d00000, 0x0000000706e00000, 0x0000000706e00000|100%| O|  |TAMS 0x0000000706d00000, 0x0000000706d00000| Untracked 
| 110|0x0000000706e00000, 0x0000000706e38200, 0x0000000706f00000| 21%| O|  |TAMS 0x0000000706e00000, 0x0000000706e00000| Untracked 
| 111|0x0000000706f00000, 0x0000000707000000, 0x0000000707000000|100%|HS|  |TAMS 0x0000000706f00000, 0x0000000706f00000| Complete 
| 112|0x0000000707000000, 0x0000000707100000, 0x0000000707100000|100%|HC|  |TAMS 0x0000000707000000, 0x0000000707000000| Complete 
| 113|0x0000000707100000, 0x0000000707200000, 0x0000000707200000|100%|HC|  |TAMS 0x0000000707100000, 0x0000000707100000| Complete 
| 114|0x0000000707200000, 0x0000000707300000, 0x0000000707300000|100%|HC|  |TAMS 0x0000000707200000, 0x0000000707200000| Complete 
| 115|0x0000000707300000, 0x0000000707400000, 0x0000000707400000|100%|HC|  |TAMS 0x0000000707300000, 0x0000000707300000| Complete 
| 116|0x0000000707400000, 0x0000000707500000, 0x0000000707500000|100%|HC|  |TAMS 0x0000000707400000, 0x0000000707400000| Complete 
| 117|0x0000000707500000, 0x0000000707600000, 0x0000000707600000|100%|HC|  |TAMS 0x0000000707500000, 0x0000000707500000| Complete 
| 118|0x0000000707600000, 0x0000000707700000, 0x0000000707700000|100%|HC|  |TAMS 0x0000000707600000, 0x0000000707600000| Complete 
| 119|0x0000000707700000, 0x0000000707800000, 0x0000000707800000|100%|HC|  |TAMS 0x0000000707700000, 0x0000000707700000| Complete 
| 120|0x0000000707800000, 0x0000000707900000, 0x0000000707900000|100%|HS|  |TAMS 0x0000000707800000, 0x0000000707800000| Complete 
| 121|0x0000000707900000, 0x0000000707a00000, 0x0000000707a00000|100%|HC|  |TAMS 0x0000000707900000, 0x0000000707900000| Complete 
| 122|0x0000000707a00000, 0x0000000707b00000, 0x0000000707b00000|100%|HC|  |TAMS 0x0000000707a00000, 0x0000000707a00000| Complete 
| 123|0x0000000707b00000, 0x0000000707c00000, 0x0000000707c00000|100%|HC|  |TAMS 0x0000000707b00000, 0x0000000707b00000| Complete 
| 124|0x0000000707c00000, 0x0000000707d00000, 0x0000000707d00000|100%|HC|  |TAMS 0x0000000707c00000, 0x0000000707c00000| Complete 
| 125|0x0000000707d00000, 0x0000000707e00000, 0x0000000707e00000|100%|HC|  |TAMS 0x0000000707d00000, 0x0000000707d00000| Complete 
| 126|0x0000000707e00000, 0x0000000707f00000, 0x0000000707f00000|100%|HC|  |TAMS 0x0000000707e00000, 0x0000000707e00000| Complete 
| 127|0x0000000707f00000, 0x0000000708000000, 0x0000000708000000|100%|HC|  |TAMS 0x0000000707f00000, 0x0000000707f00000| Complete 
| 128|0x0000000708000000, 0x0000000708100000, 0x0000000708100000|100%|HC|  |TAMS 0x0000000708000000, 0x0000000708000000| Complete 
| 129|0x0000000708100000, 0x0000000708200000, 0x0000000708200000|100%|HC|  |TAMS 0x0000000708100000, 0x0000000708100000| Complete 
| 130|0x0000000708200000, 0x0000000708300000, 0x0000000708300000|100%|HC|  |TAMS 0x0000000708200000, 0x0000000708200000| Complete 
| 131|0x0000000708300000, 0x0000000708400000, 0x0000000708400000|100%|HC|  |TAMS 0x0000000708300000, 0x0000000708300000| Complete 
| 132|0x0000000708400000, 0x0000000708500000, 0x0000000708500000|100%|HC|  |TAMS 0x0000000708400000, 0x0000000708400000| Complete 
| 133|0x0000000708500000, 0x0000000708600000, 0x0000000708600000|100%|HC|  |TAMS 0x0000000708500000, 0x0000000708500000| Complete 
| 134|0x0000000708600000, 0x0000000708700000, 0x0000000708700000|100%|HC|  |TAMS 0x0000000708600000, 0x0000000708600000| Complete 
| 135|0x0000000708700000, 0x0000000708800000, 0x0000000708800000|100%|HC|  |TAMS 0x0000000708700000, 0x0000000708700000| Complete 
| 136|0x0000000708800000, 0x0000000708900000, 0x0000000708900000|100%|HC|  |TAMS 0x0000000708800000, 0x0000000708800000| Complete 
| 137|0x0000000708900000, 0x0000000708900000, 0x0000000708a00000|  0%| F|  |TAMS 0x0000000708900000, 0x0000000708900000| Untracked 
| 138|0x0000000708a00000, 0x0000000708a00000, 0x0000000708b00000|  0%| F|  |TAMS 0x0000000708a00000, 0x0000000708a00000| Untracked 
| 139|0x0000000708b00000, 0x0000000708b00000, 0x0000000708c00000|  0%| F|  |TAMS 0x0000000708b00000, 0x0000000708b00000| Untracked 
| 140|0x0000000708c00000, 0x0000000708c00000, 0x0000000708d00000|  0%| F|  |TAMS 0x0000000708c00000, 0x0000000708c00000| Untracked 
| 141|0x0000000708d00000, 0x0000000708d00000, 0x0000000708e00000|  0%| F|  |TAMS 0x0000000708d00000, 0x0000000708d00000| Untracked 
| 142|0x0000000708e00000, 0x0000000708e00000, 0x0000000708f00000|  0%| F|  |TAMS 0x0000000708e00000, 0x0000000708e00000| Untracked 
| 143|0x0000000708f00000, 0x0000000708f00000, 0x0000000709000000|  0%| F|  |TAMS 0x0000000708f00000, 0x0000000708f00000| Untracked 
| 144|0x0000000709000000, 0x0000000709000000, 0x0000000709100000|  0%| F|  |TAMS 0x0000000709000000, 0x0000000709000000| Untracked 
| 145|0x0000000709100000, 0x0000000709200000, 0x0000000709200000|100%| S|CS|TAMS 0x0000000709100000, 0x0000000709100000| Complete 
| 146|0x0000000709200000, 0x0000000709300000, 0x0000000709300000|100%| S|CS|TAMS 0x0000000709200000, 0x0000000709200000| Complete 
| 147|0x0000000709300000, 0x0000000709400000, 0x0000000709400000|100%| S|CS|TAMS 0x0000000709300000, 0x0000000709300000| Complete 
| 148|0x0000000709400000, 0x0000000709500000, 0x0000000709500000|100%| S|CS|TAMS 0x0000000709400000, 0x0000000709400000| Complete 
| 149|0x0000000709500000, 0x0000000709600000, 0x0000000709600000|100%| S|CS|TAMS 0x0000000709500000, 0x0000000709500000| Complete 
| 150|0x0000000709600000, 0x0000000709700000, 0x0000000709700000|100%| S|CS|TAMS 0x0000000709600000, 0x0000000709600000| Complete 
| 151|0x0000000709700000, 0x0000000709800000, 0x0000000709800000|100%| S|CS|TAMS 0x0000000709700000, 0x0000000709700000| Complete 
| 152|0x0000000709800000, 0x0000000709900000, 0x0000000709900000|100%| S|CS|TAMS 0x0000000709800000, 0x0000000709800000| Complete 
| 153|0x0000000709900000, 0x0000000709a00000, 0x0000000709a00000|100%| S|CS|TAMS 0x0000000709900000, 0x0000000709900000| Complete 
| 154|0x0000000709a00000, 0x0000000709b00000, 0x0000000709b00000|100%| S|CS|TAMS 0x0000000709a00000, 0x0000000709a00000| Complete 
| 155|0x0000000709b00000, 0x0000000709c00000, 0x0000000709c00000|100%| S|CS|TAMS 0x0000000709b00000, 0x0000000709b00000| Complete 
| 156|0x0000000709c00000, 0x0000000709d00000, 0x0000000709d00000|100%| S|CS|TAMS 0x0000000709c00000, 0x0000000709c00000| Complete 
| 157|0x0000000709d00000, 0x0000000709e00000, 0x0000000709e00000|100%| S|CS|TAMS 0x0000000709d00000, 0x0000000709d00000| Complete 
| 158|0x0000000709e00000, 0x0000000709f00000, 0x0000000709f00000|100%| S|CS|TAMS 0x0000000709e00000, 0x0000000709e00000| Complete 
| 159|0x0000000709f00000, 0x000000070a000000, 0x000000070a000000|100%| S|CS|TAMS 0x0000000709f00000, 0x0000000709f00000| Complete 
| 160|0x000000070a000000, 0x000000070a100000, 0x000000070a100000|100%| S|CS|TAMS 0x000000070a000000, 0x000000070a000000| Complete 
| 161|0x000000070a100000, 0x000000070a200000, 0x000000070a200000|100%| S|CS|TAMS 0x000000070a100000, 0x000000070a100000| Complete 
| 162|0x000000070a200000, 0x000000070a300000, 0x000000070a300000|100%|HS|  |TAMS 0x000000070a200000, 0x000000070a200000| Complete 
| 163|0x000000070a300000, 0x000000070a400000, 0x000000070a400000|100%|HC|  |TAMS 0x000000070a300000, 0x000000070a300000| Complete 
| 164|0x000000070a400000, 0x000000070a500000, 0x000000070a500000|100%|HC|  |TAMS 0x000000070a400000, 0x000000070a400000| Complete 
| 165|0x000000070a500000, 0x000000070a600000, 0x000000070a600000|100%|HC|  |TAMS 0x000000070a500000, 0x000000070a500000| Complete 
| 166|0x000000070a600000, 0x000000070a700000, 0x000000070a700000|100%|HC|  |TAMS 0x000000070a600000, 0x000000070a600000| Complete 
| 167|0x000000070a700000, 0x000000070a800000, 0x000000070a800000|100%|HC|  |TAMS 0x000000070a700000, 0x000000070a700000| Complete 
| 168|0x000000070a800000, 0x000000070a900000, 0x000000070a900000|100%|HC|  |TAMS 0x000000070a800000, 0x000000070a800000| Complete 
| 169|0x000000070a900000, 0x000000070aa00000, 0x000000070aa00000|100%|HC|  |TAMS 0x000000070a900000, 0x000000070a900000| Complete 
| 170|0x000000070aa00000, 0x000000070ab00000, 0x000000070ab00000|100%|HC|  |TAMS 0x000000070aa00000, 0x000000070aa00000| Complete 
| 171|0x000000070ab00000, 0x000000070ac00000, 0x000000070ac00000|100%|HC|  |TAMS 0x000000070ab00000, 0x000000070ab00000| Complete 
| 172|0x000000070ac00000, 0x000000070ad00000, 0x000000070ad00000|100%|HC|  |TAMS 0x000000070ac00000, 0x000000070ac00000| Complete 
| 173|0x000000070ad00000, 0x000000070ae00000, 0x000000070ae00000|100%|HC|  |TAMS 0x000000070ad00000, 0x000000070ad00000| Complete 
| 174|0x000000070ae00000, 0x000000070af00000, 0x000000070af00000|100%|HC|  |TAMS 0x000000070ae00000, 0x000000070ae00000| Complete 
| 175|0x000000070af00000, 0x000000070b000000, 0x000000070b000000|100%|HC|  |TAMS 0x000000070af00000, 0x000000070af00000| Complete 
| 176|0x000000070b000000, 0x000000070b100000, 0x000000070b100000|100%|HC|  |TAMS 0x000000070b000000, 0x000000070b000000| Complete 
| 177|0x000000070b100000, 0x000000070b200000, 0x000000070b200000|100%|HC|  |TAMS 0x000000070b100000, 0x000000070b100000| Complete 
| 178|0x000000070b200000, 0x000000070b300000, 0x000000070b300000|100%|HC|  |TAMS 0x000000070b200000, 0x000000070b200000| Complete 
| 179|0x000000070b300000, 0x000000070b400000, 0x000000070b400000|100%|HC|  |TAMS 0x000000070b300000, 0x000000070b300000| Complete 
| 180|0x000000070b400000, 0x000000070b500000, 0x000000070b500000|100%|HC|  |TAMS 0x000000070b400000, 0x000000070b400000| Complete 
| 181|0x000000070b500000, 0x000000070b600000, 0x000000070b600000|100%|HC|  |TAMS 0x000000070b500000, 0x000000070b500000| Complete 
| 182|0x000000070b600000, 0x000000070b700000, 0x000000070b700000|100%|HC|  |TAMS 0x000000070b600000, 0x000000070b600000| Complete 
| 183|0x000000070b700000, 0x000000070b800000, 0x000000070b800000|100%|HC|  |TAMS 0x000000070b700000, 0x000000070b700000| Complete 
| 184|0x000000070b800000, 0x000000070b900000, 0x000000070b900000|100%|HC|  |TAMS 0x000000070b800000, 0x000000070b800000| Complete 
| 185|0x000000070b900000, 0x000000070ba00000, 0x000000070ba00000|100%|HC|  |TAMS 0x000000070b900000, 0x000000070b900000| Complete 
| 186|0x000000070ba00000, 0x000000070bb00000, 0x000000070bb00000|100%|HC|  |TAMS 0x000000070ba00000, 0x000000070ba00000| Complete 
| 187|0x000000070bb00000, 0x000000070bc00000, 0x000000070bc00000|100%|HC|  |TAMS 0x000000070bb00000, 0x000000070bb00000| Complete 
| 188|0x000000070bc00000, 0x000000070bd00000, 0x000000070bd00000|100%|HC|  |TAMS 0x000000070bc00000, 0x000000070bc00000| Complete 
| 189|0x000000070bd00000, 0x000000070be00000, 0x000000070be00000|100%|HC|  |TAMS 0x000000070bd00000, 0x000000070bd00000| Complete 
| 190|0x000000070be00000, 0x000000070bf00000, 0x000000070bf00000|100%|HC|  |TAMS 0x000000070be00000, 0x000000070be00000| Complete 
| 191|0x000000070bf00000, 0x000000070c000000, 0x000000070c000000|100%|HC|  |TAMS 0x000000070bf00000, 0x000000070bf00000| Complete 
| 192|0x000000070c000000, 0x000000070c100000, 0x000000070c100000|100%|HC|  |TAMS 0x000000070c000000, 0x000000070c000000| Complete 
| 193|0x000000070c100000, 0x000000070c200000, 0x000000070c200000|100%|HC|  |TAMS 0x000000070c100000, 0x000000070c100000| Complete 
| 194|0x000000070c200000, 0x000000070c300000, 0x000000070c300000|100%|HC|  |TAMS 0x000000070c200000, 0x000000070c200000| Complete 
| 195|0x000000070c300000, 0x000000070c300000, 0x000000070c400000|  0%| F|  |TAMS 0x000000070c300000, 0x000000070c300000| Untracked 
| 196|0x000000070c400000, 0x000000070c400000, 0x000000070c500000|  0%| F|  |TAMS 0x000000070c400000, 0x000000070c400000| Untracked 
| 197|0x000000070c500000, 0x000000070c500000, 0x000000070c600000|  0%| F|  |TAMS 0x000000070c500000, 0x000000070c500000| Untracked 
| 198|0x000000070c600000, 0x000000070c600000, 0x000000070c700000|  0%| F|  |TAMS 0x000000070c600000, 0x000000070c600000| Untracked 
| 199|0x000000070c700000, 0x000000070c700000, 0x000000070c800000|  0%| F|  |TAMS 0x000000070c700000, 0x000000070c700000| Untracked 
| 200|0x000000070c800000, 0x000000070c800000, 0x000000070c900000|  0%| F|  |TAMS 0x000000070c800000, 0x000000070c800000| Untracked 
| 201|0x000000070c900000, 0x000000070c900000, 0x000000070ca00000|  0%| F|  |TAMS 0x000000070c900000, 0x000000070c900000| Untracked 
| 202|0x000000070ca00000, 0x000000070ca00000, 0x000000070cb00000|  0%| F|  |TAMS 0x000000070ca00000, 0x000000070ca00000| Untracked 
| 203|0x000000070cb00000, 0x000000070cb00000, 0x000000070cc00000|  0%| F|  |TAMS 0x000000070cb00000, 0x000000070cb00000| Untracked 
| 204|0x000000070cc00000, 0x000000070cc00000, 0x000000070cd00000|  0%| F|  |TAMS 0x000000070cc00000, 0x000000070cc00000| Untracked 
| 205|0x000000070cd00000, 0x000000070cd00000, 0x000000070ce00000|  0%| F|  |TAMS 0x000000070cd00000, 0x000000070cd00000| Untracked 
| 206|0x000000070ce00000, 0x000000070ce00000, 0x000000070cf00000|  0%| F|  |TAMS 0x000000070ce00000, 0x000000070ce00000| Untracked 
| 207|0x000000070cf00000, 0x000000070cf00000, 0x000000070d000000|  0%| F|  |TAMS 0x000000070cf00000, 0x000000070cf00000| Untracked 
| 208|0x000000070d000000, 0x000000070d000000, 0x000000070d100000|  0%| F|  |TAMS 0x000000070d000000, 0x000000070d000000| Untracked 
| 209|0x000000070d100000, 0x000000070d100000, 0x000000070d200000|  0%| F|  |TAMS 0x000000070d100000, 0x000000070d100000| Untracked 
| 210|0x000000070d200000, 0x000000070d200000, 0x000000070d300000|  0%| F|  |TAMS 0x000000070d200000, 0x000000070d200000| Untracked 
| 211|0x000000070d300000, 0x000000070d300000, 0x000000070d400000|  0%| F|  |TAMS 0x000000070d300000, 0x000000070d300000| Untracked 
| 212|0x000000070d400000, 0x000000070d400000, 0x000000070d500000|  0%| F|  |TAMS 0x000000070d400000, 0x000000070d400000| Untracked 
| 213|0x000000070d500000, 0x000000070d500000, 0x000000070d600000|  0%| F|  |TAMS 0x000000070d500000, 0x000000070d500000| Untracked 
| 214|0x000000070d600000, 0x000000070d600000, 0x000000070d700000|  0%| F|  |TAMS 0x000000070d600000, 0x000000070d600000| Untracked 
| 215|0x000000070d700000, 0x000000070d700000, 0x000000070d800000|  0%| F|  |TAMS 0x000000070d700000, 0x000000070d700000| Untracked 
| 216|0x000000070d800000, 0x000000070d800000, 0x000000070d900000|  0%| F|  |TAMS 0x000000070d800000, 0x000000070d800000| Untracked 
| 217|0x000000070d900000, 0x000000070d900000, 0x000000070da00000|  0%| F|  |TAMS 0x000000070d900000, 0x000000070d900000| Untracked 
| 218|0x000000070da00000, 0x000000070da00000, 0x000000070db00000|  0%| F|  |TAMS 0x000000070da00000, 0x000000070da00000| Untracked 
| 219|0x000000070db00000, 0x000000070db00000, 0x000000070dc00000|  0%| F|  |TAMS 0x000000070db00000, 0x000000070db00000| Untracked 
| 220|0x000000070dc00000, 0x000000070dc00000, 0x000000070dd00000|  0%| F|  |TAMS 0x000000070dc00000, 0x000000070dc00000| Untracked 
| 221|0x000000070dd00000, 0x000000070dd00000, 0x000000070de00000|  0%| F|  |TAMS 0x000000070dd00000, 0x000000070dd00000| Untracked 
| 222|0x000000070de00000, 0x000000070de00000, 0x000000070df00000|  0%| F|  |TAMS 0x000000070de00000, 0x000000070de00000| Untracked 
| 223|0x000000070df00000, 0x000000070df00000, 0x000000070e000000|  0%| F|  |TAMS 0x000000070df00000, 0x000000070df00000| Untracked 
| 224|0x000000070e000000, 0x000000070e000000, 0x000000070e100000|  0%| F|  |TAMS 0x000000070e000000, 0x000000070e000000| Untracked 
| 225|0x000000070e100000, 0x000000070e100000, 0x000000070e200000|  0%| F|  |TAMS 0x000000070e100000, 0x000000070e100000| Untracked 
| 226|0x000000070e200000, 0x000000070e200000, 0x000000070e300000|  0%| F|  |TAMS 0x000000070e200000, 0x000000070e200000| Untracked 
| 227|0x000000070e300000, 0x000000070e300000, 0x000000070e400000|  0%| F|  |TAMS 0x000000070e300000, 0x000000070e300000| Untracked 
| 228|0x000000070e400000, 0x000000070e400000, 0x000000070e500000|  0%| F|  |TAMS 0x000000070e400000, 0x000000070e400000| Untracked 
| 229|0x000000070e500000, 0x000000070e500000, 0x000000070e600000|  0%| F|  |TAMS 0x000000070e500000, 0x000000070e500000| Untracked 
| 230|0x000000070e600000, 0x000000070e600000, 0x000000070e700000|  0%| F|  |TAMS 0x000000070e600000, 0x000000070e600000| Untracked 
| 231|0x000000070e700000, 0x000000070e700000, 0x000000070e800000|  0%| F|  |TAMS 0x000000070e700000, 0x000000070e700000| Untracked 
| 232|0x000000070e800000, 0x000000070e800000, 0x000000070e900000|  0%| F|  |TAMS 0x000000070e800000, 0x000000070e800000| Untracked 
| 233|0x000000070e900000, 0x000000070e900000, 0x000000070ea00000|  0%| F|  |TAMS 0x000000070e900000, 0x000000070e900000| Untracked 
| 234|0x000000070ea00000, 0x000000070ea00000, 0x000000070eb00000|  0%| F|  |TAMS 0x000000070ea00000, 0x000000070ea00000| Untracked 
| 235|0x000000070eb00000, 0x000000070eb00000, 0x000000070ec00000|  0%| F|  |TAMS 0x000000070eb00000, 0x000000070eb00000| Untracked 
| 236|0x000000070ec00000, 0x000000070ec00000, 0x000000070ed00000|  0%| F|  |TAMS 0x000000070ec00000, 0x000000070ec00000| Untracked 
| 237|0x000000070ed00000, 0x000000070ed00000, 0x000000070ee00000|  0%| F|  |TAMS 0x000000070ed00000, 0x000000070ed00000| Untracked 
| 238|0x000000070ee00000, 0x000000070ee00000, 0x000000070ef00000|  0%| F|  |TAMS 0x000000070ee00000, 0x000000070ee00000| Untracked 
| 239|0x000000070ef00000, 0x000000070ef00000, 0x000000070f000000|  0%| F|  |TAMS 0x000000070ef00000, 0x000000070ef00000| Untracked 
| 240|0x000000070f000000, 0x000000070f000000, 0x000000070f100000|  0%| F|  |TAMS 0x000000070f000000, 0x000000070f000000| Untracked 
| 241|0x000000070f100000, 0x000000070f100000, 0x000000070f200000|  0%| F|  |TAMS 0x000000070f100000, 0x000000070f100000| Untracked 
| 255|0x000000070ff00000, 0x000000070ffd3348, 0x0000000710000000| 82%| E|  |TAMS 0x000000070ff00000, 0x000000070ff00000| Complete 
|3070|0x00000007bfe00000, 0x00000007bfe46000, 0x00000007bff00000| 27%|OA|  |TAMS 0x00000007bfe46000, 0x00000007bfe00000| Untracked 
|3071|0x00000007bff00000, 0x00000007bff6f000, 0x00000007c0000000| 43%|CA|  |TAMS 0x00000007bff6f000, 0x00000007bff00000| Untracked 

Card table byte_map: [0x000000011fbf9000,0x00000001203f9000] _byte_map_base: 0x000000011c3f9000

Marking Bits (Prev, Next): (CMBitMap*) 0x00007f979282a258, (CMBitMap*) 0x00007f979282a218
 Prev Bits: [0x0000000124bf9000, 0x0000000128bf9000)
 Next Bits: [0x0000000120bf9000, 0x0000000124bf9000)

Polling page: 0x000000010478c000

Metaspace:

Usage:
  Non-class:     10.30 MB capacity,    10.15 MB ( 99%) used,   132.93 KB (  1%) free+waste,    19.50 KB ( <1%) overhead. 
      Class:      1.22 MB capacity,     1.16 MB ( 95%) used,    54.16 KB (  4%) free+waste,     9.12 KB ( <1%) overhead. 
       Both:     11.52 MB capacity,    11.31 MB ( 98%) used,   187.09 KB (  2%) free+waste,    28.62 KB ( <1%) overhead. 

Virtual space:
  Non-class space:       12.00 MB reserved,      10.50 MB ( 88%) committed 
      Class space:        1.00 GB reserved,       1.25 MB ( <1%) committed 
             Both:        1.01 GB reserved,      11.75 MB (  1%) committed 

Chunk freelists:
   Non-Class:  21.38 KB
       Class:  0 bytes
        Both:  21.38 KB

CodeHeap 'non-profiled nmethods': size=120032Kb used=960Kb max_used=960Kb free=119071Kb
 bounds [0x00000001186c1000, 0x0000000118931000, 0x000000011fbf9000]
CodeHeap 'profiled nmethods': size=120028Kb used=5089Kb max_used=5089Kb free=114938Kb
 bounds [0x000000011118a000, 0x000000011168a000, 0x00000001186c1000]
CodeHeap 'non-nmethods': size=5700Kb used=1231Kb max_used=1256Kb free=4468Kb
 bounds [0x0000000110bf9000, 0x0000000110e69000, 0x000000011118a000]
 total_blobs=3335 nmethods=2225 adapters=521
 compilation: enabled
              stopped_count=0, restarted_count=0
 full_count=0

Compilation events (10 events):
Event: 4.689 Thread 0x00007f9795011000 2268       4       java.util.ArrayList::fastRemove (44 bytes)
Event: 4.691 Thread 0x00007f9795011000 nmethod 2268 0x00000001187b0a90 code [0x00000001187b0c20, 0x00000001187b0e18]
Event: 4.767 Thread 0x00007f9793011000 2271       3       jdk.internal.reflect.ClassFileAssembler::emitByte (11 bytes)
Event: 4.768 Thread 0x00007f9793011000 nmethod 2271 0x0000000111681590 code [0x0000000111681760, 0x0000000111681968]
Event: 4.768 Thread 0x00007f9793011000 2269       3       jdk.internal.reflect.ByteVectorImpl::add (38 bytes)
Event: 4.768 Thread 0x00007f9793011000 nmethod 2269 0x0000000111681a90 code [0x0000000111681c60, 0x0000000111681ea8]
Event: 4.768 Thread 0x00007f9795011000 2272       4       java.lang.System::getSecurityManager (12 bytes)
Event: 4.768 Thread 0x00007f9793011000 2270       3       jdk.internal.reflect.ClassFileAssembler::emitShort (24 bytes)
Event: 4.768 Thread 0x00007f9793011000 nmethod 2270 0x0000000111682010 code [0x0000000111682200, 0x0000000111682598]
Event: 4.768 Thread 0x00007f9795011000 nmethod 2272 0x00000001187b0f10 code [0x00000001187b10a0, 0x00000001187b10f8]

GC Heap History (10 events):
Event: 3.475 GC heap before
{Heap before GC invocations=3 (full 0):
 garbage-first heap   total 264192K, used 157207K [0x0000000700000000, 0x0000000800000000)
  region size 1024K, 79 young (80896K), 4 survivors (4096K)
 Metaspace       used 10341K, capacity 10566K, committed 10880K, reserved 1058816K
  class space    used 995K, capacity 1056K, committed 1152K, reserved 1048576K
}
Event: 3.476 GC heap after
{Heap after GC invocations=4 (full 0):
 garbage-first heap   total 264192K, used 80588K [0x0000000700000000, 0x0000000800000000)
  region size 1024K, 4 young (4096K), 4 survivors (4096K)
 Metaspace       used 10341K, capacity 10566K, committed 10880K, reserved 1058816K
  class space    used 995K, capacity 1056K, committed 1152K, reserved 1048576K
}
Event: 4.006 GC heap before
{Heap before GC invocations=4 (full 0):
 garbage-first heap   total 264192K, used 241356K [0x0000000700000000, 0x0000000800000000)
  region size 1024K, 137 young (140288K), 4 survivors (4096K)
 Metaspace       used 10810K, capacity 11046K, committed 11520K, reserved 1058816K
  class space    used 1073K, capacity 1152K, committed 1280K, reserved 1048576K
}
Event: 4.008 GC heap after
{Heap after GC invocations=5 (full 0):
 garbage-first heap   total 264192K, used 106309K [0x0000000700000000, 0x0000000800000000)
  region size 1024K, 4 young (4096K), 4 survivors (4096K)
 Metaspace       used 10810K, capacity 11046K, committed 11520K, reserved 1058816K
  class space    used 1073K, capacity 1152K, committed 1280K, reserved 1048576K
}
Event: 4.146 GC heap before
{Heap before GC invocations=5 (full 0):
 garbage-first heap   total 264192K, used 167749K [0x0000000700000000, 0x0000000800000000)
  region size 1024K, 66 young (67584K), 4 survivors (4096K)
 Metaspace       used 10821K, capacity 11046K, committed 11520K, reserved 1058816K
  class space    used 1073K, capacity 1152K, committed 1280K, reserved 1048576K
}
Event: 4.148 GC heap after
{Heap after GC invocations=6 (full 0):
 garbage-first heap   total 264192K, used 72342K [0x0000000700000000, 0x0000000800000000)
  region size 1024K, 4 young (4096K), 4 survivors (4096K)
 Metaspace       used 10821K, capacity 11046K, committed 11520K, reserved 1058816K
  class space    used 1073K, capacity 1152K, committed 1280K, reserved 1048576K
}
Event: 4.505 GC heap before
{Heap before GC invocations=7 (full 0):
 garbage-first heap   total 225280K, used 213654K [0x0000000700000000, 0x0000000800000000)
  region size 1024K, 127 young (130048K), 4 survivors (4096K)
 Metaspace       used 11172K, capacity 11398K, committed 11776K, reserved 1060864K
  class space    used 1148K, capacity 1248K, committed 1280K, reserved 1048576K
}
Event: 4.508 GC heap after
{Heap after GC invocations=8 (full 0):
 garbage-first heap   total 225280K, used 38586K [0x0000000700000000, 0x0000000800000000)
  region size 1024K, 4 young (4096K), 4 survivors (4096K)
 Metaspace       used 11172K, capacity 11398K, committed 11776K, reserved 1060864K
  class space    used 1148K, capacity 1248K, committed 1280K, reserved 1048576K
}
Event: 4.668 GC heap before
{Heap before GC invocations=9 (full 0):
 garbage-first heap   total 225280K, used 157370K [0x0000000700000000, 0x0000000800000000)
  region size 1024K, 60 young (61440K), 4 survivors (4096K)
 Metaspace       used 11570K, capacity 11791K, committed 12032K, reserved 1060864K
  class space    used 1187K, capacity 1251K, committed 1280K, reserved 1048576K
}
Event: 4.674 GC heap after
{Heap after GC invocations=10 (full 0):
 garbage-first heap   total 225280K, used 120500K [0x0000000700000000, 0x0000000800000000)
  region size 1024K, 17 young (17408K), 17 survivors (17408K)
 Metaspace       used 11570K, capacity 11791K, committed 12032K, reserved 1060864K
  class space    used 1187K, capacity 1251K, committed 1280K, reserved 1048576K
}

Deoptimization events (10 events):
Event: 4.505 Thread 0x00007f9795008800 Uncommon trap: reason=unstable_fused_if action=reinterpret pc=0x00000001187a35bc method=com.github.jaiimageio.plugins.tiff.TIFFDirectory.getTIFFField(I)Lcom/github/jaiimageio/plugins/tiff/TIFFField; @ 1 c2
Event: 4.588 Thread 0x00007f9795008800 Uncommon trap: reason=unstable_if action=reinterpret pc=0x00000001187ab338 method=java.util.HashMap.getNode(ILjava/lang/Object;)Ljava/util/HashMap$Node; @ 62 c2
Event: 4.588 Thread 0x00007f9795008800 Uncommon trap: reason=bimorphic_or_optimized_type_check action=maybe_recompile pc=0x00000001186f712c method=java.util.HashMap.putVal(ILjava/lang/Object;Ljava/lang/Object;ZZ)Ljava/lang/Object; @ 91 c2
Event: 4.588 Thread 0x00007f9795008800 Uncommon trap: reason=bimorphic_or_optimized_type_check action=maybe_recompile pc=0x00000001186f712c method=java.util.HashMap.putVal(ILjava/lang/Object;Ljava/lang/Object;ZZ)Ljava/lang/Object; @ 91 c2
Event: 4.588 Thread 0x00007f9795008800 Uncommon trap: reason=bimorphic_or_optimized_type_check action=maybe_recompile pc=0x00000001186f712c method=java.util.HashMap.putVal(ILjava/lang/Object;Ljava/lang/Object;ZZ)Ljava/lang/Object; @ 91 c2
Event: 4.644 Thread 0x00007f9795008800 Uncommon trap: reason=unstable_fused_if action=reinterpret pc=0x00000001187a3234 method=com.github.jaiimageio.plugins.tiff.TIFFDirectory.getTIFFField(I)Lcom/github/jaiimageio/plugins/tiff/TIFFField; @ 1 c2
Event: 4.644 Thread 0x00007f9795008800 Uncommon trap: reason=unstable_if action=reinterpret pc=0x000000011879263c method=com.github.jaiimageio.impl.plugins.tiff.TIFFImageWriter.writeTile(Ljava/awt/Rectangle;Lcom/github/jaiimageio/plugins/tiff/TIFFCompressor;)I @ 131 c2
Event: 4.645 Thread 0x00007f9795008800 Uncommon trap: reason=unstable_if action=reinterpret pc=0x0000000118780564 method=sun.awt.image.ByteInterleavedRaster.putByteData(IIII[B)V @ 79 c2
Event: 4.657 Thread 0x00007f9795008800 Uncommon trap: reason=class_check action=maybe_recompile pc=0x00000001187952f4 method=javax.imageio.stream.ImageInputStreamImpl.readInt()I @ 7 c2
Event: 4.657 Thread 0x00007f9795008800 Uncommon trap: reason=class_check action=maybe_recompile pc=0x00000001187952f4 method=javax.imageio.stream.ImageInputStreamImpl.readInt()I @ 7 c2

Classes redefined (0 events):
No events

Internal exceptions (10 events):
Event: 0.267 Thread 0x00007f9795008800 Exception <a 'java/lang/UnsatisfiedLinkError'{0x000000070f800d30}: dlopen(libgs.dylib, 9): image not found> (0x000000070f800d30) thrown at [/scratch/mesos/slaves/07fc96ef-bf4d-487f-b22f-a84e49f5f44a-S53531/frameworks/1735e8a2-a1db-478c-8104-60c8b0af87dd-0
Event: 0.268 Thread 0x00007f9795008800 Exception <a 'java/lang/UnsatisfiedLinkError'{0x000000070f801750}: dlopen(libgs.dylib, 9): image not found> (0x000000070f801750) thrown at [/scratch/mesos/slaves/07fc96ef-bf4d-487f-b22f-a84e49f5f44a-S53531/frameworks/1735e8a2-a1db-478c-8104-60c8b0af87dd-0
Event: 0.271 Thread 0x00007f9795008800 Exception <a 'java/lang/UnsatisfiedLinkError'{0x000000070f80c538}> (0x000000070f80c538) thrown at [/scratch/mesos/slaves/07fc96ef-bf4d-487f-b22f-a84e49f5f44a-S53531/frameworks/1735e8a2-a1db-478c-8104-60c8b0af87dd-0196/executors/5a943376-f720-460d-a354-2c3
Event: 0.273 Thread 0x00007f9795008800 Exception <a 'java/lang/NoSuchMethodError'{0x000000070f826e60}: org.slf4j.impl.StaticMDCBinder.getSingleton()Lorg/slf4j/impl/StaticMDCBinder;> (0x000000070f826e60) thrown at [/scratch/mesos/slaves/07fc96ef-bf4d-487f-b22f-a84e49f5f44a-S53531/frameworks/173
Event: 0.312 Thread 0x00007f9795008800 Exception <a 'java/lang/ClassNotFoundException'{0x000000070f612f20}: sun/awt/resources/spi/awtProvider> (0x000000070f612f20) thrown at [/scratch/mesos/slaves/07fc96ef-bf4d-487f-b22f-a84e49f5f44a-S53531/frameworks/1735e8a2-a1db-478c-8104-60c8b0af87dd-0196/
Event: 0.321 Thread 0x00007f9795008800 Exception <a 'java/io/FileNotFoundException'{0x000000070f649128}> (0x000000070f649128) thrown at [/scratch/mesos/slaves/07fc96ef-bf4d-487f-b22f-a84e49f5f44a-S53531/frameworks/1735e8a2-a1db-478c-8104-60c8b0af87dd-0196/executors/5a943376-f720-460d-a354-2c3c
Event: 0.334 Thread 0x00007f9795008800 Exception <a 'java/io/FileNotFoundException'{0x000000070f6b58d0}> (0x000000070f6b58d0) thrown at [/scratch/mesos/slaves/07fc96ef-bf4d-487f-b22f-a84e49f5f44a-S53531/frameworks/1735e8a2-a1db-478c-8104-60c8b0af87dd-0196/executors/5a943376-f720-460d-a354-2c3c
Event: 0.462 Thread 0x00007f9795008800 Exception <a 'java/lang/ClassNotFoundException'{0x000000070f3f0298}: sun/awt/resources/spi/awtosxProvider> (0x000000070f3f0298) thrown at [/scratch/mesos/slaves/07fc96ef-bf4d-487f-b22f-a84e49f5f44a-S53531/frameworks/1735e8a2-a1db-478c-8104-60c8b0af87dd-01
Event: 0.472 Thread 0x00007f9795008800 Exception <a 'java/lang/NoSuchMethodError'{0x000000070f21a370}: java.lang.invoke.DirectMethodHandle$Holder.invokeStatic(Ljava/lang/Object;Ljava/lang/Object;Ljava/lang/Object;Ljava/lang/Object;Ljava/lang/Object;Ljava/lang/Object;Ljava/lang/Object;J)Ljava/l
Event: 2.557 Thread 0x00007f9795008800 Exception <a 'java/lang/NoSuchMethodError'{0x000000070f451c38}: java.lang.invoke.DirectMethodHandle$Holder.invokeSpecial(Ljava/lang/Object;Ljava/lang/Object;)V> (0x000000070f451c38) thrown at [/scratch/mesos/slaves/07fc96ef-bf4d-487f-b22f-a84e49f5f44a-S53

Events (10 events):
Event: 4.677 Executing VM operation: RevokeBias
Event: 4.677 Executing VM operation: RevokeBias done
Event: 4.681 Executing VM operation: G1Concurrent
Event: 4.682 Executing VM operation: G1Concurrent done
Event: 4.685 Executing VM operation: G1Concurrent
Event: 4.687 Executing VM operation: G1Concurrent done
Event: 4.701 loading class java/nio/DirectByteBuffer$Deallocator
Event: 4.701 loading class java/nio/DirectByteBuffer$Deallocator done
Event: 4.706 loading class com/sun/jna/Native$Buffers
Event: 4.706 loading class com/sun/jna/Native$Buffers done


Dynamic libraries:
0x00007fff5818c000 	/usr/lib/libz.1.dylib
0x0000000104717000 	/Library/Java/JavaVirtualMachines/openjdk-12.jdk/Contents/Home/lib/libjli.dylib
0x00007fff2c2c8000 	/System/Library/Frameworks/Cocoa.framework/Versions/A/Cocoa
0x00007fff38076000 	/System/Library/Frameworks/Security.framework/Versions/A/Security
0x00007fff2af5a000 	/System/Library/Frameworks/ApplicationServices.framework/Versions/A/ApplicationServices
0x00007fff55ae3000 	/usr/lib/libSystem.B.dylib
0x00007fff58982000 	/usr/lib/system/libcache.dylib
0x00007fff58987000 	/usr/lib/system/libcommonCrypto.dylib
0x00007fff58992000 	/usr/lib/system/libcompiler_rt.dylib
0x00007fff5899a000 	/usr/lib/system/libcopyfile.dylib
0x00007fff589a4000 	/usr/lib/system/libcorecrypto.dylib
0x00007fff58aaf000 	/usr/lib/system/libdispatch.dylib
0x00007fff58ae9000 	/usr/lib/system/libdyld.dylib
0x00007fff58b16000 	/usr/lib/system/libkeymgr.dylib
0x00007fff58b24000 	/usr/lib/system/liblaunch.dylib
0x00007fff58b25000 	/usr/lib/system/libmacho.dylib
0x00007fff58b2b000 	/usr/lib/system/libquarantine.dylib
0x00007fff58b2e000 	/usr/lib/system/libremovefile.dylib
0x00007fff58b30000 	/usr/lib/system/libsystem_asl.dylib
0x00007fff58b48000 	/usr/lib/system/libsystem_blocks.dylib
0x00007fff58b49000 	/usr/lib/system/libsystem_c.dylib
0x00007fff58bd1000 	/usr/lib/system/libsystem_configuration.dylib
0x00007fff58bd5000 	/usr/lib/system/libsystem_coreservices.dylib
0x00007fff58bd9000 	/usr/lib/system/libsystem_darwin.dylib
0x00007fff58be0000 	/usr/lib/system/libsystem_dnssd.dylib
0x00007fff58be7000 	/usr/lib/system/libsystem_info.dylib
0x00007fff58c5c000 	/usr/lib/system/libsystem_m.dylib
0x00007fff58ca8000 	/usr/lib/system/libsystem_malloc.dylib
0x00007fff58cd3000 	/usr/lib/system/libsystem_networkextension.dylib
0x00007fff58cde000 	/usr/lib/system/libsystem_notify.dylib
0x00007fff58cfb000 	/usr/lib/system/libsystem_sandbox.dylib
0x00007fff58cff000 	/usr/lib/system/libsystem_secinit.dylib
0x00007fff58c33000 	/usr/lib/system/libsystem_kernel.dylib
0x00007fff58ce6000 	/usr/lib/system/libsystem_platform.dylib
0x00007fff58cf0000 	/usr/lib/system/libsystem_pthread.dylib
0x00007fff58d02000 	/usr/lib/system/libsystem_symptoms.dylib
0x00007fff58d0a000 	/usr/lib/system/libsystem_trace.dylib
0x00007fff58d21000 	/usr/lib/system/libunwind.dylib
0x00007fff58d27000 	/usr/lib/system/libxpc.dylib
0x00007fff5731c000 	/usr/lib/libobjc.A.dylib
0x00007fff55d7c000 	/usr/lib/libc++abi.dylib
0x00007fff55d28000 	/usr/lib/libc++.1.dylib
0x00007fff2cb3d000 	/System/Library/Frameworks/CoreFoundation.framework/Versions/A/CoreFoundation
0x00007fff2edc1000 	/System/Library/Frameworks/Foundation.framework/Versions/C/Foundation
0x00007fff2a153000 	/System/Library/Frameworks/AppKit.framework/Versions/C/AppKit
0x00007fff2c6c6000 	/System/Library/Frameworks/CoreData.framework/Versions/A/CoreData
0x00007fff4f5a8000 	/System/Library/PrivateFrameworks/RemoteViewServices.framework/Versions/A/RemoteViewServices
0x00007fff5381f000 	/System/Library/PrivateFrameworks/UIFoundation.framework/Versions/A/UIFoundation
0x00007fff54f04000 	/System/Library/PrivateFrameworks/XCTTargetBootstrap.framework/Versions/A/XCTTargetBootstrap
0x00007fff2ca4c000 	/System/Library/Frameworks/CoreDisplay.framework/Versions/A/CoreDisplay
0x00007fff4a2bd000 	/System/Library/PrivateFrameworks/IconServices.framework/Versions/A/IconServices
0x00007fff316e3000 	/System/Library/Frameworks/Metal.framework/Versions/A/Metal
0x00007fff41801000 	/System/Library/PrivateFrameworks/DesktopServicesPriv.framework/Versions/A/DesktopServicesPriv
0x00007fff5667f000 	/usr/lib/libenergytrace.dylib
0x00007fff51d06000 	/System/Library/PrivateFrameworks/SkyLight.framework/Versions/A/SkyLight
0x00007fff2cf84000 	/System/Library/Frameworks/CoreGraphics.framework/Versions/A/CoreGraphics
0x00007fff28f1f000 	/System/Library/Frameworks/Accelerate.framework/Versions/A/Accelerate
0x00007fff2f50a000 	/System/Library/Frameworks/IOSurface.framework/Versions/A/IOSurface
0x00007fff4166d000 	/System/Library/PrivateFrameworks/DFRFoundation.framework/Versions/A/DFRFoundation
0x00007fff2b43d000 	/System/Library/Frameworks/AudioToolbox.framework/Versions/A/AudioToolbox
0x00007fff2b6b6000 	/System/Library/Frameworks/AudioUnit.framework/Versions/A/AudioUnit
0x00007fff41702000 	/System/Library/PrivateFrameworks/DataDetectorsCore.framework/Versions/A/DataDetectorsCore
0x00007fff2bdcb000 	/System/Library/Frameworks/Carbon.framework/Versions/A/Frameworks/HIToolbox.framework/Versions/A/HIToolbox
0x00007fff567d8000 	/usr/lib/libicucore.A.dylib
0x00007fff375e9000 	/System/Library/Frameworks/QuartzCore.framework/Versions/A/QuartzCore
0x00007fff2c1a0000 	/System/Library/Frameworks/Carbon.framework/Versions/A/Frameworks/SpeechRecognition.framework/Versions/A/SpeechRecognition
0x00007fff55c37000 	/usr/lib/libauto.dylib
0x00007fff5807f000 	/usr/lib/libxml2.2.dylib
0x00007fff41248000 	/System/Library/PrivateFrameworks/CoreUI.framework/Versions/A/CoreUI
0x00007fff2c5b1000 	/System/Library/Frameworks/CoreAudio.framework/Versions/A/CoreAudio
0x00007fff2ebf6000 	/System/Library/Frameworks/DiskArbitration.framework/Versions/A/DiskArbitration
0x00007fff56a86000 	/usr/lib/liblangid.dylib
0x00007fff4b6ed000 	/System/Library/PrivateFrameworks/MultitouchSupport.framework/Versions/A/MultitouchSupport
0x00007fff2f479000 	/System/Library/Frameworks/IOKit.framework/Versions/A/IOKit
0x00007fff556a3000 	/usr/lib/libDiagnosticMessagesClient.dylib
0x00007fff2dd94000 	/System/Library/Frameworks/CoreServices.framework/Versions/A/CoreServices
0x00007fff4d3a7000 	/System/Library/PrivateFrameworks/PerformanceAnalysis.framework/Versions/A/PerformanceAnalysis
0x00007fff367d0000 	/System/Library/Frameworks/OpenGL.framework/Versions/A/OpenGL
0x00007fff2c2d6000 	/System/Library/Frameworks/ColorSync.framework/Versions/A/ColorSync
0x00007fff2d616000 	/System/Library/Frameworks/CoreImage.framework/Versions/A/CoreImage
0x00007fff2e76c000 	/System/Library/Frameworks/CoreText.framework/Versions/A/CoreText
0x00007fff2f56d000 	/System/Library/Frameworks/ImageIO.framework/Versions/A/ImageIO
0x00007fff3d89a000 	/System/Library/PrivateFrameworks/Backup.framework/Versions/A/Backup
0x00007fff55b8a000 	/usr/lib/libarchive.2.dylib
0x00007fff2ba0f000 	/System/Library/Frameworks/CFNetwork.framework/Versions/A/CFNetwork
0x00007fff387d2000 	/System/Library/Frameworks/SystemConfiguration.framework/Versions/A/SystemConfiguration
0x00007fff555d4000 	/usr/lib/libCRFSuite.dylib
0x00007fff55d09000 	/usr/lib/libbsm.0.dylib
0x00007fff58b17000 	/usr/lib/system/libkxld.dylib
0x00007fff3cc8b000 	/System/Library/PrivateFrameworks/AppleFSCompression.framework/Versions/A/AppleFSCompression
0x00007fff559a3000 	/usr/lib/libOpenScriptingUtil.dylib
0x00007fff56031000 	/usr/lib/libcoretls.dylib
0x00007fff56048000 	/usr/lib/libcoretls_cfhelpers.dylib
0x00007fff57ab3000 	/usr/lib/libpam.2.dylib
0x00007fff57c73000 	/usr/lib/libsqlite3.dylib
0x00007fff5806d000 	/usr/lib/libxar.1.dylib
0x00007fff55d1a000 	/usr/lib/libbz2.1.0.dylib
0x00007fff56a88000 	/usr/lib/liblzma.5.dylib
0x00007fff56f39000 	/usr/lib/libnetwork.dylib
0x00007fff55b73000 	/usr/lib/libapple_nghttp2.dylib
0x00007fff57aba000 	/usr/lib/libpcap.A.dylib
0x00007fff2e133000 	/System/Library/Frameworks/CoreServices.framework/Versions/A/Frameworks/FSEvents.framework/Versions/A/FSEvents
0x00007fff2de12000 	/System/Library/Frameworks/CoreServices.framework/Versions/A/Frameworks/CarbonCore.framework/Versions/A/CarbonCore
0x00007fff2e2ee000 	/System/Library/Frameworks/CoreServices.framework/Versions/A/Frameworks/Metadata.framework/Versions/A/Metadata
0x00007fff2e38d000 	/System/Library/Frameworks/CoreServices.framework/Versions/A/Frameworks/OSServices.framework/Versions/A/OSServices
0x00007fff2e3d8000 	/System/Library/Frameworks/CoreServices.framework/Versions/A/Frameworks/SearchKit.framework/Versions/A/SearchKit
0x00007fff2dd95000 	/System/Library/Frameworks/CoreServices.framework/Versions/A/Frameworks/AE.framework/Versions/A/AE
0x00007fff2e13c000 	/System/Library/Frameworks/CoreServices.framework/Versions/A/Frameworks/LaunchServices.framework/Versions/A/LaunchServices
0x00007fff2e0ea000 	/System/Library/Frameworks/CoreServices.framework/Versions/A/Frameworks/DictionaryServices.framework/Versions/A/DictionaryServices
0x00007fff2e440000 	/System/Library/Frameworks/CoreServices.framework/Versions/A/Frameworks/SharedFileList.framework/Versions/A/SharedFileList
0x00007fff327ab000 	/System/Library/Frameworks/NetFS.framework/Versions/A/NetFS
0x00007fff4b953000 	/System/Library/PrivateFrameworks/NetAuth.framework/Versions/A/NetAuth
0x00007fff55308000 	/System/Library/PrivateFrameworks/login.framework/Versions/A/Frameworks/loginsupport.framework/Versions/A/loginsupport
0x00007fff53428000 	/System/Library/PrivateFrameworks/TCC.framework/Versions/A/TCC
0x00007fff408a5000 	/System/Library/PrivateFrameworks/CoreNLP.framework/Versions/A/CoreNLP
0x00007fff4b3c3000 	/System/Library/PrivateFrameworks/MetadataUtilities.framework/Versions/A/MetadataUtilities
0x00007fff56b5d000 	/usr/lib/libmecabra.dylib
0x00007fff2af5b000 	/System/Library/Frameworks/ApplicationServices.framework/Versions/A/Frameworks/ATS.framework/Versions/A/ATS
0x00007fff2b2aa000 	/System/Library/Frameworks/ApplicationServices.framework/Versions/A/Frameworks/ColorSyncLegacy.framework/Versions/A/ColorSyncLegacy
0x00007fff2b349000 	/System/Library/Frameworks/ApplicationServices.framework/Versions/A/Frameworks/HIServices.framework/Versions/A/HIServices
0x00007fff2b39c000 	/System/Library/Frameworks/ApplicationServices.framework/Versions/A/Frameworks/LangAnalysis.framework/Versions/A/LangAnalysis
0x00007fff2b3ac000 	/System/Library/Frameworks/ApplicationServices.framework/Versions/A/Frameworks/PrintCore.framework/Versions/A/PrintCore
0x00007fff2b3f6000 	/System/Library/Frameworks/ApplicationServices.framework/Versions/A/Frameworks/QD.framework/Versions/A/QD
0x00007fff2b430000 	/System/Library/Frameworks/ApplicationServices.framework/Versions/A/Frameworks/SpeechSynthesis.framework/Versions/A/SpeechSynthesis
0x00007fff55da4000 	/usr/lib/libcompression.dylib
0x00007fff319b3000 	/System/Library/Frameworks/MetalPerformanceShaders.framework/Versions/A/MetalPerformanceShaders
0x00007fff28f37000 	/System/Library/Frameworks/Accelerate.framework/Versions/A/Frameworks/vImage.framework/Versions/A/vImage
0x00007fff29fb1000 	/System/Library/Frameworks/Accelerate.framework/Versions/A/Frameworks/vecLib.framework/Versions/A/vecLib
0x00007fff29efd000 	/System/Library/Frameworks/Accelerate.framework/Versions/A/Frameworks/vecLib.framework/Versions/A/libvMisc.dylib
0x00007fff29d15000 	/System/Library/Frameworks/Accelerate.framework/Versions/A/Frameworks/vecLib.framework/Versions/A/libvDSP.dylib
0x00007fff295d1000 	/System/Library/Frameworks/Accelerate.framework/Versions/A/Frameworks/vecLib.framework/Versions/A/libBLAS.dylib
0x00007fff298be000 	/System/Library/Frameworks/Accelerate.framework/Versions/A/Frameworks/vecLib.framework/Versions/A/libLAPACK.dylib
0x00007fff29c68000 	/System/Library/Frameworks/Accelerate.framework/Versions/A/Frameworks/vecLib.framework/Versions/A/libLinearAlgebra.dylib
0x00007fff29d01000 	/System/Library/Frameworks/Accelerate.framework/Versions/A/Frameworks/vecLib.framework/Versions/A/libSparseBLAS.dylib
0x00007fff29c7e000 	/System/Library/Frameworks/Accelerate.framework/Versions/A/Frameworks/vecLib.framework/Versions/A/libQuadrature.dylib
0x00007fff2984b000 	/System/Library/Frameworks/Accelerate.framework/Versions/A/Frameworks/vecLib.framework/Versions/A/libBNNS.dylib
0x00007fff29c84000 	/System/Library/Frameworks/Accelerate.framework/Versions/A/Frameworks/vecLib.framework/Versions/A/libSparse.dylib
0x00007fff47bf3000 	/System/Library/PrivateFrameworks/GPUWrangler.framework/Versions/A/GPUWrangler
0x00007fff49ef2000 	/System/Library/PrivateFrameworks/IOAccelerator.framework/Versions/A/IOAccelerator
0x00007fff49efd000 	/System/Library/PrivateFrameworks/IOPresentment.framework/Versions/A/IOPresentment
0x00007fff4167d000 	/System/Library/PrivateFrameworks/DSExternalDisplay.framework/Versions/A/DSExternalDisplay
0x00007fff35c27000 	/System/Library/Frameworks/OpenGL.framework/Versions/A/Libraries/libCoreFSCache.dylib
0x00007fff317a7000 	/System/Library/Frameworks/MetalPerformanceShaders.framework/Frameworks/MPSCore.framework/Versions/A/MPSCore
0x00007fff317c7000 	/System/Library/Frameworks/MetalPerformanceShaders.framework/Frameworks/MPSImage.framework/Versions/A/MPSImage
0x00007fff3186c000 	/System/Library/Frameworks/MetalPerformanceShaders.framework/Frameworks/MPSNeuralNetwork.framework/Versions/A/MPSNeuralNetwork
0x00007fff31844000 	/System/Library/Frameworks/MetalPerformanceShaders.framework/Frameworks/MPSMatrix.framework/Versions/A/MPSMatrix
0x00007fff31998000 	/System/Library/Frameworks/MetalPerformanceShaders.framework/Frameworks/MPSRayIntersector.framework/Versions/A/MPSRayIntersector
0x00007fff4b3ec000 	/System/Library/PrivateFrameworks/MetalTools.framework/Versions/A/MetalTools
0x00007fff3c535000 	/System/Library/PrivateFrameworks/AggregateDictionary.framework/Versions/A/AggregateDictionary
0x00007fff55983000 	/usr/lib/libMobileGestalt.dylib
0x00007fff2e8cf000 	/System/Library/Frameworks/CoreVideo.framework/Versions/A/CoreVideo
0x00007fff48a04000 	/System/Library/PrivateFrameworks/GraphVisualizer.framework/Versions/A/GraphVisualizer
0x00007fff42883000 	/System/Library/PrivateFrameworks/FaceCore.framework/Versions/A/FaceCore
0x00007fff35255000 	/System/Library/Frameworks/OpenCL.framework/Versions/A/OpenCL
0x00007fff556db000 	/usr/lib/libFosl_dynamic.dylib
0x00007fff4c1be000 	/System/Library/PrivateFrameworks/OTSVG.framework/Versions/A/OTSVG
0x00007fff2b05f000 	/System/Library/Frameworks/ApplicationServices.framework/Versions/A/Frameworks/ATS.framework/Versions/A/Resources/libFontParser.dylib
0x00007fff2b177000 	/System/Library/Frameworks/ApplicationServices.framework/Versions/A/Frameworks/ATS.framework/Versions/A/Resources/libFontRegistry.dylib
0x00007fff2f7dc000 	/System/Library/Frameworks/ImageIO.framework/Versions/A/Resources/libJPEG.dylib
0x00007fff2faee000 	/System/Library/Frameworks/ImageIO.framework/Versions/A/Resources/libTIFF.dylib
0x00007fff2fac4000 	/System/Library/Frameworks/ImageIO.framework/Versions/A/Resources/libPng.dylib
0x00007fff2f6fa000 	/System/Library/Frameworks/ImageIO.framework/Versions/A/Resources/libGIF.dylib
0x00007fff2f6ff000 	/System/Library/Frameworks/ImageIO.framework/Versions/A/Resources/libJP2.dylib
0x00007fff2faeb000 	/System/Library/Frameworks/ImageIO.framework/Versions/A/Resources/libRadiance.dylib
0x00007fff3cde2000 	/System/Library/PrivateFrameworks/AppleJPEG.framework/Versions/A/AppleJPEG
0x00007fff35c32000 	/System/Library/Frameworks/OpenGL.framework/Versions/A/Libraries/libGFXShared.dylib
0x00007fff35df5000 	/System/Library/Frameworks/OpenGL.framework/Versions/A/Libraries/libGLU.dylib
0x00007fff35c3b000 	/System/Library/Frameworks/OpenGL.framework/Versions/A/Libraries/libGL.dylib
0x00007fff35c47000 	/System/Library/Frameworks/OpenGL.framework/Versions/A/Libraries/libGLImage.dylib
0x00007fff35c24000 	/System/Library/Frameworks/OpenGL.framework/Versions/A/Libraries/libCVMSPluginSupport.dylib
0x00007fff35c2d000 	/System/Library/Frameworks/OpenGL.framework/Versions/A/Libraries/libCoreVMClient.dylib
0x00007fff564f5000 	/usr/lib/libcups.2.dylib
0x00007fff30cae000 	/System/Library/Frameworks/Kerberos.framework/Versions/A/Kerberos
0x00007fff2f1dd000 	/System/Library/Frameworks/GSS.framework/Versions/A/GSS
0x00007fff57c08000 	/usr/lib/libresolv.9.dylib
0x00007fff566e7000 	/usr/lib/libiconv.2.dylib
0x00007fff48b79000 	/System/Library/PrivateFrameworks/Heimdal.framework/Versions/A/Heimdal
0x00007fff566b7000 	/usr/lib/libheimdal-asn1.dylib
0x00007fff352c9000 	/System/Library/Frameworks/OpenDirectory.framework/Versions/A/OpenDirectory
0x00007fff3f608000 	/System/Library/PrivateFrameworks/CommonAuth.framework/Versions/A/CommonAuth
0x00007fff352ad000 	/System/Library/Frameworks/OpenDirectory.framework/Versions/A/Frameworks/CFOpenDirectory.framework/Versions/A/CFOpenDirectory
0x00007fff38377000 	/System/Library/Frameworks/SecurityFoundation.framework/Versions/A/SecurityFoundation
0x00007fff3ba7b000 	/System/Library/PrivateFrameworks/APFS.framework/Versions/A/APFS
0x00007fff58069000 	/usr/lib/libutil.dylib
0x00007fff55d92000 	/usr/lib/libcharset.1.dylib
0x00007fff3d07f000 	/System/Library/PrivateFrameworks/AppleSauce.framework/Versions/A/AppleSauce
0x00007fff3d200000 	/System/Library/PrivateFrameworks/AssertionServices.framework/Versions/A/AssertionServices
0x00007fff3d930000 	/System/Library/PrivateFrameworks/BaseBoard.framework/Versions/A/BaseBoard
0x00007fff56ab8000 	/usr/lib/libmecab.1.0.0.dylib
0x00007fff566b1000 	/usr/lib/libgermantok.dylib
0x00007fff55b60000 	/usr/lib/libThaiTokenizer.dylib
0x00007fff5560b000 	/usr/lib/libChineseTokenizer.dylib
0x00007fff4a5aa000 	/System/Library/PrivateFrameworks/LanguageModeling.framework/Versions/A/LanguageModeling
0x00007fff402ea000 	/System/Library/PrivateFrameworks/CoreEmoji.framework/Versions/A/CoreEmoji
0x00007fff4a686000 	/System/Library/PrivateFrameworks/Lexicon.framework/Versions/A/Lexicon
0x00007fff4a6c9000 	/System/Library/PrivateFrameworks/LinguisticData.framework/Versions/A/LinguisticData
0x00007fff55d93000 	/usr/lib/libcmph.dylib
0x00007fff38435000 	/System/Library/Frameworks/ServiceManagement.framework/Versions/A/ServiceManagement
0x00007fff3d891000 	/System/Library/PrivateFrameworks/BackgroundTaskManagement.framework/Versions/A/BackgroundTaskManagement
0x00007fff58163000 	/usr/lib/libxslt.1.dylib
0x00007fff2c0cd000 	/System/Library/Frameworks/Carbon.framework/Versions/A/Frameworks/Ink.framework/Versions/A/Ink
0x00007fff5369a000 	/System/Library/PrivateFrameworks/TextureIO.framework/Versions/A/TextureIO
0x00007fff55bb4000 	/usr/lib/libate.dylib
0x00007fff415cc000 	/System/Library/PrivateFrameworks/CrashReporterSupport.framework/Versions/A/CrashReporterSupport
0x00007fff50dd4000 	/System/Library/PrivateFrameworks/Sharing.framework/Versions/A/Sharing
0x00007fff3d5e3000 	/System/Library/PrivateFrameworks/AuthKit.framework/Versions/A/AuthKit
0x00007fff3cb37000 	/System/Library/PrivateFrameworks/Apple80211.framework/Versions/A/Apple80211
0x00007fff41374000 	/System/Library/PrivateFrameworks/CoreUtils.framework/Versions/A/CoreUtils
0x00007fff2e910000 	/System/Library/Frameworks/CoreWLAN.framework/Versions/A/CoreWLAN
0x00007fff2f30c000 	/System/Library/Frameworks/IOBluetooth.framework/Versions/A/IOBluetooth
0x00007fff4f248000 	/System/Library/PrivateFrameworks/ProtocolBuffer.framework/Versions/A/ProtocolBuffer
0x00007fff4b649000 	/System/Library/PrivateFrameworks/MobileKeyBag.framework/Versions/A/MobileKeyBag
0x00007fff40bb8000 	/System/Library/PrivateFrameworks/CorePhoneNumbers.framework/Versions/A/CorePhoneNumbers
0x00007fff3cd96000 	/System/Library/PrivateFrameworks/AppleIDAuthSupport.framework/Versions/A/AppleIDAuthSupport
0x00007fff4a57d000 	/System/Library/PrivateFrameworks/KeychainCircle.framework/Versions/A/KeychainCircle
0x00007fff4f3fe000 	/System/Library/PrivateFrameworks/ROCKit.framework/Versions/A/ROCKit
0x00007fff41568000 	/System/Library/PrivateFrameworks/CoreWiFi.framework/Versions/A/CoreWiFi
0x00007fff2c69b000 	/System/Library/Frameworks/CoreBluetooth.framework/Versions/A/CoreBluetooth
0x00007fff417c3000 	/System/Library/PrivateFrameworks/DebugSymbols.framework/Versions/A/DebugSymbols
0x00007fff41134000 	/System/Library/PrivateFrameworks/CoreSymbolication.framework/Versions/A/CoreSymbolication
0x00007fff52eb5000 	/System/Library/PrivateFrameworks/Symbolication.framework/Versions/A/Symbolication
0x00007fff52758000 	/System/Library/PrivateFrameworks/SpeechRecognitionCore.framework/Versions/A/SpeechRecognitionCore
0x0000000106000000 	/Library/Java/JavaVirtualMachines/openjdk-12.jdk/Contents/Home/lib/server/libjvm.dylib
0x0000000104745000 	/Library/Java/JavaVirtualMachines/openjdk-12.jdk/Contents/Home/lib/libverify.dylib
0x0000000104751000 	/Library/Java/JavaVirtualMachines/openjdk-12.jdk/Contents/Home/lib/libjava.dylib
0x00000001047d6000 	/Library/Java/JavaVirtualMachines/openjdk-12.jdk/Contents/Home/lib/libzip.dylib
0x00000001047de000 	/Library/Java/JavaVirtualMachines/openjdk-12.jdk/Contents/Home/lib/libjimage.dylib
0x000000012ba79000 	/Library/Java/JavaVirtualMachines/openjdk-12.jdk/Contents/Home/lib/libnio.dylib
0x000000012ba87000 	/Library/Java/JavaVirtualMachines/openjdk-12.jdk/Contents/Home/lib/./libnet.dylib
0x000000012bb6f000 	/private/var/folders/tq/s04s3jm927x96xhvz0jh57680000gn/T/jna--220022871/jna14114500197059835612.tmp
0x00007fff30ca9000 	/System/Library/Frameworks/JavaVM.framework/Versions/A/JavaVM
0x00007fff4a49c000 	/System/Library/PrivateFrameworks/JavaLaunching.framework/Versions/A/JavaLaunching
0x000000012bbb0000 	/Library/Java/JavaVirtualMachines/openjdk-12.jdk/Contents/Home/lib/libawt.dylib
0x000000012bc45000 	/Library/Java/JavaVirtualMachines/openjdk-12.jdk/Contents/Home/lib/./libmlib_image.dylib
0x00007fff30c97000 	/System/Library/Frameworks/JavaVM.framework/Versions/A/Frameworks/JavaNativeFoundation.framework/Versions/A/JavaNativeFoundation
0x00007fff30ca0000 	/System/Library/Frameworks/JavaVM.framework/Versions/A/Frameworks/JavaRuntimeSupport.framework/Versions/A/JavaRuntimeSupport
0x00007fff2bdc6000 	/System/Library/Frameworks/Carbon.framework/Versions/A/Carbon
0x00007fff2bdc7000 	/System/Library/Frameworks/Carbon.framework/Versions/A/Frameworks/CommonPanels.framework/Versions/A/CommonPanels
0x00007fff2c0c3000 	/System/Library/Frameworks/Carbon.framework/Versions/A/Frameworks/Help.framework/Versions/A/Help
0x00007fff2c0c7000 	/System/Library/Frameworks/Carbon.framework/Versions/A/Frameworks/ImageCapture.framework/Versions/A/ImageCapture
0x00007fff2c163000 	/System/Library/Frameworks/Carbon.framework/Versions/A/Frameworks/OpenScripting.framework/Versions/A/OpenScripting
0x00007fff2c19b000 	/System/Library/Frameworks/Carbon.framework/Versions/A/Frameworks/Print.framework/Versions/A/Print
0x00007fff2c19d000 	/System/Library/Frameworks/Carbon.framework/Versions/A/Frameworks/SecurityHI.framework/Versions/A/SecurityHI
0x000000012bd01000 	/Library/Java/JavaVirtualMachines/openjdk-12.jdk/Contents/Home/lib/libawt_lwawt.dylib
0x000000012bdcf000 	/Library/Java/JavaVirtualMachines/openjdk-12.jdk/Contents/Home/lib/./libosxapp.dylib
0x00007fff2ed9a000 	/System/Library/Frameworks/ExceptionHandling.framework/Versions/A/ExceptionHandling
0x000000012be3e000 	/Library/Java/JavaVirtualMachines/openjdk-12.jdk/Contents/Home/lib/liblcms.dylib
0x000000012be85000 	/Library/Java/JavaVirtualMachines/openjdk-12.jdk/Contents/Home/lib/libfontmanager.dylib
0x000000012bf12000 	/Library/Java/JavaVirtualMachines/openjdk-12.jdk/Contents/Home/lib/./libfreetype.dylib
0x00007fff40d3c000 	/System/Library/PrivateFrameworks/CoreServicesInternal.framework/Versions/A/CoreServicesInternal
0x00007fff212a0000 	/System/Library/CoreServices/RawCamera.bundle/Contents/MacOS/RawCamera
0x00007fff4b490000 	/System/Library/PrivateFrameworks/MobileAsset.framework/Versions/A/MobileAsset
0x00007fff52e03000 	/System/Library/PrivateFrameworks/StreamingZip.framework/Versions/A/StreamingZip
0x00007fff3103b000 	/System/Library/Frameworks/MediaToolbox.framework/Versions/A/MediaToolbox
0x00007fff3fe8e000 	/System/Library/PrivateFrameworks/CoreAVCHD.framework/Versions/A/CoreAVCHD
0x00007fff30f81000 	/System/Library/Frameworks/MediaAccessibility.framework/Versions/A/MediaAccessibility
0x00007fff4aeec000 	/System/Library/PrivateFrameworks/Mangrove.framework/Versions/A/Mangrove
0x00007fff2dc33000 	/System/Library/Frameworks/CoreMedia.framework/Versions/A/CoreMedia
0x00007fff38a9e000 	/System/Library/Frameworks/VideoToolbox.framework/Versions/A/VideoToolbox
0x00007fff3faaa000 	/System/Library/PrivateFrameworks/CoreAUC.framework/Versions/A/CoreAUC
0x00007fff57c71000 	/usr/lib/libspindump.dylib
0x00007fff3d165000 	/System/Library/PrivateFrameworks/AppleVA.framework/Versions/A/AppleVA
0x00007fff28f20000 	/System/Library/Frameworks/Accelerate.framework/Versions/A/Frameworks/vImage.framework/Versions/A/Libraries/libCGInterfaces.dylib
0x00007fff2b213000 	/System/Library/Frameworks/ApplicationServices.framework/Versions/A/Frameworks/ATS.framework/Versions/A/Resources/libTrueTypeScaler.dylib
0x00007fff215fc000 	/System/Library/Extensions/AMDMTLBronzeDriver.bundle/Contents/MacOS/AMDMTLBronzeDriver
0x00007fff49ee8000 	/System/Library/PrivateFrameworks/IOAccelMemoryInfo.framework/Versions/A/IOAccelMemoryInfo
0x00007fff260e2000 	/System/Library/Extensions/AppleIntelKBLGraphicsMTLDriver.bundle/Contents/MacOS/AppleIntelKBLGraphicsMTLDriver
0x00007fff46552000 	/System/Library/PrivateFrameworks/GPUCompiler.framework/Versions/3902/Libraries/libmetal_timestamp.dylib
0x00007fff54653000 	/System/Library/PrivateFrameworks/ViewBridge.framework/Versions/A/ViewBridge
0x000000012dddf000 	/usr/lib/libobjc-trampolines.dylib
0x00007fff367e0000 	/System/Library/Frameworks/OpenGL.framework/Versions/A/Resources/GLEngine.bundle/GLEngine
0x00007fff35c82000 	/System/Library/Frameworks/OpenGL.framework/Versions/A/Libraries/libGLProgrammability.dylib
0x00007fff2530e000 	/System/Library/Extensions/AppleIntelKBLGraphicsGLDriver.bundle/Contents/MacOS/AppleIntelKBLGraphicsGLDriver
0x00007fff47be7000 	/System/Library/PrivateFrameworks/GPUSupport.framework/Versions/A/Libraries/libGPUSupportMercury.dylib
0x0000000130975000 	/System/Library/Extensions/AMDRadeonX4000GLDriver.bundle/Contents/MacOS/AMDRadeonX4000GLDriver
0x00007fff21709000 	/System/Library/Extensions/AMDRadeonX4000GLDriver.bundle/Contents/MacOS/ATIRadeonX4000SCLib.dylib
0x00007fff36978000 	/System/Library/Frameworks/OpenGL.framework/Versions/A/Resources/GLRendererFloat.bundle/GLRendererFloat
0x00007fff3524c000 	/System/Library/Frameworks/OpenCL.framework/Versions/A/Libraries/libcldcpuengine.dylib
0x00007fff561e7000 	/usr/lib/libcrypto.35.dylib
0x00007fff53818000 	/System/Library/PrivateFrameworks/TrustEvaluationAgent.framework/Versions/A/TrustEvaluationAgent
0x000000012fdfd000 	/Library/Java/JavaVirtualMachines/openjdk-12.jdk/Contents/Home/lib/libjavajpeg.dylib
0x0000000130c3f000 	/usr/local/lib/libtesseract.dylib
0x0000000130ebd000 	/usr/local/opt/leptonica/lib/liblept.5.dylib
0x00007fff56574000 	/usr/lib/libcurl.4.dylib
0x000000012fe20000 	/usr/local/opt/libpng/lib/libpng16.16.dylib
0x000000012fe4c000 	/usr/local/opt/jpeg/lib/libjpeg.9.dylib
0x000000012bcf2000 	/usr/local/opt/giflib/lib/libgif.dylib
0x0000000130662000 	/usr/local/opt/libtiff/lib/libtiff.5.dylib
0x000000012be0a000 	/usr/local/opt/webp/lib/libwebpmux.3.dylib
0x00000001300e9000 	/usr/local/opt/webp/lib/libwebp.7.dylib
0x0000000130443000 	/usr/local/opt/openjpeg/lib/libopenjp2.7.dylib
0x00007fff563e1000 	/usr/lib/libcrypto.42.dylib
0x00007fff57f14000 	/usr/lib/libssl.44.dylib
0x00007fff30cc8000 	/System/Library/Frameworks/LDAP.framework/Versions/A/LDAP
0x00007fff57c5e000 	/usr/lib/libsasl2.2.dylib
0x00007fff400e7000 	/System/Library/PrivateFrameworks/CoreDaemon.framework/Versions/B/CoreDaemon
0x00007fff3d07a000 	/System/Library/PrivateFrameworks/AppleSRP.framework/Versions/A/AppleSRP


VM Arguments:
jvm_args: -Dfile.encoding=UTF-8 
java_command: com.tesseract.Main
java_class_path (initial): /Users/ahamedabdulrahman/eclipse-workspace/PDFValidation/target/classes:/Users/ahamedabdulrahman/eclipse-workspace/PDFValidation/tess4j-3.4.8.jar:/Users/ahamedabdulrahman/eclipse-workspace/PDFValidation/lib/fontbox-2.0.9.jar:/Users/ahamedabdulrahman/eclipse-workspace/PDFValidation/lib/jai-imageio-core-1.4.0.jar:/Users/ahamedabdulrahman/eclipse-workspace/PDFValidation/lib/jbig2-imageio-3.0.0.jar:/Users/ahamedabdulrahman/eclipse-workspace/PDFValidation/lib/lept4j-1.6.4.jar:/Users/ahamedabdulrahman/eclipse-workspace/PDFValidation/lib/pdfbox-2.0.9.jar:/Users/ahamedabdulrahman/eclipse-workspace/PDFValidation/lib/pdfbox-tools-2.0.9.jar:/Users/ahamedabdulrahman/eclipse-workspace/PDFValidation/lib/commons-io-2.6.jar:/Users/ahamedabdulrahman/eclipse-workspace/PDFValidation/lib/jboss-vfs-3.2.12.Final.jar:/Users/ahamedabdulrahman/eclipse-workspace/PDFValidation/lib/jcl-over-slf4j-1.7.25.jar:/Users/ahamedabdulrahman/eclipse-workspace/PDFValidation/lib/jul-to-slf4j-1.7.25.jar:/Users/ahamedabdulrahman/eclipse-workspace/PDFValidation/lib/log4j-over-slf4j-1.7.25.jar:/Users/ahamedabdulrahman/eclipse-workspace/PDFValidation/lib/logback-classic-1.2.3.jar:/Users/ahamedabdulrahman/eclipse-workspace/PDFValidation/lib/logback-core-1.2.3.jar:/Users/ahamedabdulrahman/eclipse-workspace/PDFValidation/lib/slf4j-api-1.7.25.jar:/Users/ahamedabdulrahman/eclipse-workspace/PDFValidation/lib/ghost4j-1.0.1.jar:/Users/ahamedabdulrahman/eclipse-workspace/PDFValidation/lib/jna-4.1.0.jar:/Users/ahamedabdulrahman/eclipse-workspace/PDFValidation/lib/commons-beanutils-1.9.2.jar:/Users/ahamedabdulrahman/eclipse-workspace/PDFValidation/lib/commons-logging-1.2.jar:/Users/ahamedabdulrahman/eclipse-workspace/PDFValidation/lib/hamcrest-core-1.3.jar:/Users/ahamedabdulrahman/eclipse-workspace/PDFValidation/lib/junit-4.12.jar:/Users/ahamedabdulrahman/eclipse-workspace/PDFValidation/lib/itext-2.1.7.jar:/Users/ahamedabdulrahman/eclipse-workspace/PDFValidation/lib/log4j-1.2.17.jar:/Users/ah
Launcher Type: SUN_STANDARD

[Global flags]
     intx CICompilerCount                          = 4                                         {product} {ergonomic}
     uint ConcGCThreads                            = 3                                         {product} {ergonomic}
     uint G1ConcRefinementThreads                  = 10                                        {product} {ergonomic}
   size_t G1HeapRegionSize                         = 1048576                                   {product} {ergonomic}
    uintx GCDrainStackTargetSize                   = 64                                        {product} {ergonomic}
   size_t InitialHeapSize                          = 268435456                                 {product} {ergonomic}
   size_t MarkStackSize                            = 4194304                                   {product} {ergonomic}
   size_t MaxHeapSize                              = 4294967296                                {product} {ergonomic}
   size_t MaxNewSize                               = 2576351232                                {product} {ergonomic}
   size_t MinHeapDeltaBytes                        = 1048576                                   {product} {ergonomic}
    uintx NonNMethodCodeHeapSize                   = 5836300                                {pd product} {ergonomic}
    uintx NonProfiledCodeHeapSize                  = 122910970                              {pd product} {ergonomic}
    uintx ProfiledCodeHeapSize                     = 122910970                              {pd product} {ergonomic}
    uintx ReservedCodeCacheSize                    = 251658240                              {pd product} {ergonomic}
     bool SegmentedCodeCache                       = true                                      {product} {ergonomic}
     bool UseCompressedClassPointers               = true                                 {lp64_product} {ergonomic}
     bool UseCompressedOops                        = true                                 {lp64_product} {ergonomic}
     bool UseG1GC                                  = true                                      {product} {ergonomic}

Logging:
Log output configuration:
 #0: stdout all=warning uptime,level,tags
 #1: stderr all=off uptime,level,tags

Environment Variables:
PATH=/usr/bin:/bin:/usr/sbin:/sbin
SHELL=/bin/bash

Signal Handlers:
SIGSEGV: [libjvm.dylib+0x735582], sa_mask[0]=11111111011111110111111111111111, sa_flags=SA_ONSTACK|SA_RESTART|SA_SIGINFO
SIGBUS: [libjvm.dylib+0x735582], sa_mask[0]=11111111011111110111111111111111, sa_flags=SA_RESTART|SA_SIGINFO
SIGFPE: [libjvm.dylib+0x735582], sa_mask[0]=11111111011111110111111111111111, sa_flags=SA_RESTART|SA_SIGINFO
SIGPIPE: [libjvm.dylib+0x5dcff6], sa_mask[0]=11111111011111110111111111111111, sa_flags=SA_RESTART|SA_SIGINFO
SIGXFSZ: [libjvm.dylib+0x5dcff6], sa_mask[0]=11111111011111110111111111111111, sa_flags=SA_RESTART|SA_SIGINFO
SIGILL: [libjvm.dylib+0x735582], sa_mask[0]=11111111011111110111111111111111, sa_flags=SA_RESTART|SA_SIGINFO
SIGUSR2: [libjvm.dylib+0x5dd5db], sa_mask[0]=00100000000000000000000000000000, sa_flags=SA_RESTART|SA_SIGINFO
SIGHUP: [libjvm.dylib+0x5dc29b], sa_mask[0]=11111111011111110111111111111111, sa_flags=SA_RESTART|SA_SIGINFO
SIGINT: [libjvm.dylib+0x5dc29b], sa_mask[0]=11111111011111110111111111111111, sa_flags=SA_RESTART|SA_SIGINFO
SIGTERM: [libjvm.dylib+0x5dc29b], sa_mask[0]=11111111011111110111111111111111, sa_flags=SA_RESTART|SA_SIGINFO
SIGQUIT: [libjvm.dylib+0x5dc29b], sa_mask[0]=11111111011111110111111111111111, sa_flags=SA_RESTART|SA_SIGINFO


---------------  S Y S T E M  ---------------

OS:uname:Darwin 18.7.0 Darwin Kernel Version 18.7.0: Sun Dec  1 18:59:03 PST 2019; root:xnu-4903.278.19~1/RELEASE_X86_64 x86_64
rlimit: STACK 8192k, CORE 0k, NPROC 1418, NOFILE 10240, AS infinity, DATA infinity, FSIZE infinity
load average:1.88 1.54 1.55

CPU:total 12 (initial active 12) (6 cores per cpu, 2 threads per core) family 6 model 158 stepping 10, cmov, cx8, fxsr, mmx, sse, sse2, sse3, ssse3, sse4.1, sse4.2, popcnt, avx, avx2, aes, clmul, erms, 3dnowpref, lzcnt, ht, tsc, tscinvbit, bmi1, bmi2, adx, fma

Memory: 4k page, physical 16777216k(332224k free)

vm_info: OpenJDK 64-Bit Server VM (12+33) for bsd-amd64 JRE (12+33), built on Feb 21 2019 02:26:26 by "mach5one" with gcc 4.2.1 Compatible Apple LLVM 9.1.0 (clang-902.0.39.2)

END.
